{"D:\\Sergio\\repositorios\\nodejsgrupo2\\Clases\\Clase06\\src\\app.ts": {"path":"D:\\Sergio\\repositorios\\nodejsgrupo2\\Clases\\Clase06\\src\\app.ts","statementMap":{"0":{"start":{"line":1,"column":0},"end":{"line":1,"column":66}},"1":{"start":{"line":2,"column":0},"end":{"line":2,"column":79}},"2":{"start":{"line":4,"column":0},"end":{"line":4,"column":64}},"3":{"start":{"line":5,"column":0},"end":{"line":5,"column":39}},"4":{"start":{"line":7,"column":25},"end":{"line":7,"column":34}},"5":{"start":{"line":9,"column":0},"end":{"line":9,"column":48}},"6":{"start":{"line":10,"column":0},"end":{"line":10,"column":24}},"7":{"start":{"line":12,"column":39},"end":{"line":16,"column":2}},"8":{"start":{"line":18,"column":0},"end":{"line":18,"column":31}},"9":{"start":{"line":20,"column":0},"end":{"line":22,"column":3}},"10":{"start":{"line":21,"column":2},"end":{"line":21,"column":41}},"11":{"start":{"line":24,"column":0},"end":{"line":24,"column":19}}},"fnMap":{"0":{"name":"(anonymous_1)","decl":{"start":{"line":20,"column":8},"end":{"line":20,"column":9}},"loc":{"start":{"line":20,"column":40},"end":{"line":22,"column":1}}}},"branchMap":{},"s":{"0":1,"1":1,"2":1,"3":1,"4":1,"5":1,"6":1,"7":1,"8":1,"9":1,"10":0,"11":1},"f":{"0":0},"b":{}}
,"D:\\Sergio\\repositorios\\nodejsgrupo2\\Clases\\Clase06\\src\\server.ts": {"path":"D:\\Sergio\\repositorios\\nodejsgrupo2\\Clases\\Clase06\\src\\server.ts","statementMap":{"0":{"start":{"line":1,"column":0},"end":{"line":1,"column":26}},"1":{"start":{"line":2,"column":0},"end":{"line":2,"column":24}},"2":{"start":{"line":3,"column":0},"end":{"line":3,"column":65}},"3":{"start":{"line":4,"column":0},"end":{"line":4,"column":34}},"4":{"start":{"line":6,"column":14},"end":{"line":15,"column":1}},"5":{"start":{"line":7,"column":2},"end":{"line":14,"column":null}},"6":{"start":{"line":8,"column":28},"end":{"line":8,"column":52}},"7":{"start":{"line":9,"column":30},"end":{"line":9,"column":53}},"8":{"start":{"line":10,"column":4},"end":{"line":10,"column":39}},"9":{"start":{"line":11,"column":4},"end":{"line":11,"column":41}},"10":{"start":{"line":13,"column":4},"end":{"line":13,"column":23}},"11":{"start":{"line":17,"column":0},"end":{"line":17,"column":8}}},"fnMap":{"0":{"name":"(anonymous_1)","decl":{"start":{"line":6,"column":14},"end":{"line":6,"column":19}},"loc":{"start":{"line":6,"column":25},"end":{"line":15,"column":1}}}},"branchMap":{},"s":{"0":0,"1":0,"2":0,"3":0,"4":0,"5":0,"6":0,"7":0,"8":0,"9":0,"10":0,"11":0},"f":{"0":0},"b":{}}
,"D:\\Sergio\\repositorios\\nodejsgrupo2\\Clases\\Clase06\\src\\bootstrap\\database.bootstrap.ts": {"path":"D:\\Sergio\\repositorios\\nodejsgrupo2\\Clases\\Clase06\\src\\bootstrap\\database.bootstrap.ts","statementMap":{"0":{"start":{"line":2,"column":0},"end":{"line":2,"column":32}},"1":{"start":{"line":3,"column":0},"end":{"line":3,"column":35}},"2":{"start":{"line":4,"column":0},"end":{"line":4,"column":24}},"3":{"start":{"line":6,"column":12},"end":{"line":6,"column":18}},"4":{"start":{"line":10,"column":30},"end":{"line":31,"column":6}},"5":{"start":{"line":11,"column":31},"end":{"line":11,"column":203}},"6":{"start":{"line":13,"column":22},"end":{"line":19,"column":8}},"7":{"start":{"line":21,"column":23},"end":{"line":28,"column":7}},"8":{"start":{"line":22,"column":8},"end":{"line":27,"column":null}},"9":{"start":{"line":23,"column":10},"end":{"line":23,"column":24}},"10":{"start":{"line":25,"column":10},"end":{"line":25,"column":46}},"11":{"start":{"line":26,"column":10},"end":{"line":26,"column":20}},"12":{"start":{"line":30,"column":6},"end":{"line":30,"column":60}},"13":{"start":{"line":33,"column":4},"end":{"line":33,"column":28}},"14":{"start":{"line":37,"column":4},"end":{"line":37,"column":26}},"15":{"start":{"line":8,"column":0},"end":{"line":8,"column":null}}},"fnMap":{"0":{"name":"(anonymous_1)","decl":{"start":{"line":9,"column":2},"end":{"line":9,"column":7}},"loc":{"start":{"line":9,"column":18},"end":{"line":34,"column":3}}},"1":{"name":"(anonymous_2)","decl":{"start":{"line":10,"column":42},"end":{"line":10,"column":43}},"loc":{"start":{"line":10,"column":62},"end":{"line":31,"column":5}}},"2":{"name":"(anonymous_3)","decl":{"start":{"line":21,"column":23},"end":{"line":21,"column":24}},"loc":{"start":{"line":21,"column":38},"end":{"line":28,"column":7}}},"3":{"name":"(anonymous_4)","decl":{"start":{"line":36,"column":2},"end":{"line":36,"column":12}},"loc":{"start":{"line":36,"column":12},"end":{"line":38,"column":3}}}},"branchMap":{"0":{"loc":{"start":{"line":22,"column":8},"end":{"line":27,"column":null}},"type":"if","locations":[{"start":{"line":22,"column":8},"end":{"line":27,"column":null}},{"start":{"line":22,"column":8},"end":{"line":27,"column":null}}]}},"s":{"0":1,"1":1,"2":1,"3":1,"4":1,"5":1,"6":1,"7":1,"8":1,"9":0,"10":1,"11":1,"12":1,"13":1,"14":1,"15":1},"f":{"0":1,"1":1,"2":1,"3":1},"b":{"0":[0,1]}}
,"D:\\Sergio\\repositorios\\nodejsgrupo2\\Clases\\Clase06\\src\\bootstrap\\index.ts": {"path":"D:\\Sergio\\repositorios\\nodejsgrupo2\\Clases\\Clase06\\src\\bootstrap\\index.ts","statementMap":{"0":{"start":{"line":1,"column":0},"end":{"line":1,"column":9}},"1":{"start":{"line":1,"column":9},"end":{"line":1,"column":35}},"2":{"start":{"line":2,"column":0},"end":{"line":2,"column":9}},"3":{"start":{"line":2,"column":9},"end":{"line":2,"column":37}}},"fnMap":{"0":{"name":"(anonymous_1)","decl":{"start":{"line":1,"column":9},"end":{"line":1,"column":16}},"loc":{"start":{"line":1,"column":9},"end":{"line":1,"column":35}}},"1":{"name":"(anonymous_2)","decl":{"start":{"line":2,"column":9},"end":{"line":2,"column":16}},"loc":{"start":{"line":2,"column":9},"end":{"line":2,"column":37}}}},"branchMap":{},"s":{"0":1,"1":1,"2":1,"3":2},"f":{"0":0,"1":1},"b":{}}
,"D:\\Sergio\\repositorios\\nodejsgrupo2\\Clases\\Clase06\\src\\bootstrap\\server.bootstrap.ts": {"path":"D:\\Sergio\\repositorios\\nodejsgrupo2\\Clases\\Clase06\\src\\bootstrap\\server.bootstrap.ts","statementMap":{"0":{"start":{"line":2,"column":0},"end":{"line":2,"column":24}},"1":{"start":{"line":3,"column":0},"end":{"line":3,"column":25}},"2":{"start":{"line":4,"column":0},"end":{"line":4,"column":35}},"3":{"start":{"line":5,"column":0},"end":{"line":5,"column":24}},"4":{"start":{"line":8,"column":12},"end":{"line":8,"column":18}},"5":{"start":{"line":33,"column":4},"end":{"line":33,"column":19}},"6":{"start":{"line":37,"column":30},"end":{"line":52,"column":6}},"7":{"start":{"line":38,"column":34},"end":{"line":38,"column":56}},"8":{"start":{"line":40,"column":6},"end":{"line":51,"column":11}},"9":{"start":{"line":44,"column":10},"end":{"line":46,"column":12}},"10":{"start":{"line":47,"column":10},"end":{"line":47,"column":20}},"11":{"start":{"line":50,"column":10},"end":{"line":50,"column":24}},"12":{"start":{"line":54,"column":4},"end":{"line":54,"column":28}},"13":{"start":{"line":29,"column":0},"end":{"line":29,"column":null}}},"fnMap":{"0":{"name":"(anonymous_1)","decl":{"start":{"line":32,"column":2},"end":{"line":32,"column":14}},"loc":{"start":{"line":32,"column":30},"end":{"line":34,"column":3}}},"1":{"name":"(anonymous_2)","decl":{"start":{"line":36,"column":2},"end":{"line":36,"column":7}},"loc":{"start":{"line":36,"column":18},"end":{"line":55,"column":3}}},"2":{"name":"(anonymous_3)","decl":{"start":{"line":37,"column":42},"end":{"line":37,"column":43}},"loc":{"start":{"line":37,"column":62},"end":{"line":52,"column":5}}},"3":{"name":"(anonymous_4)","decl":{"start":{"line":42,"column":25},"end":{"line":42,"column":28}},"loc":{"start":{"line":42,"column":30},"end":{"line":48,"column":9}}},"4":{"name":"(anonymous_5)","decl":{"start":{"line":49,"column":21},"end":{"line":49,"column":22}},"loc":{"start":{"line":49,"column":31},"end":{"line":51,"column":9}}}},"branchMap":{},"s":{"0":1,"1":1,"2":1,"3":1,"4":1,"5":0,"6":0,"7":0,"8":0,"9":0,"10":0,"11":0,"12":0,"13":1},"f":{"0":0,"1":0,"2":0,"3":0,"4":0},"b":{}}
,"D:\\Sergio\\repositorios\\nodejsgrupo2\\Clases\\Clase06\\src\\controllers\\auth.controller.ts": {"path":"D:\\Sergio\\repositorios\\nodejsgrupo2\\Clases\\Clase06\\src\\controllers\\auth.controller.ts","statementMap":{"0":{"start":{"line":2,"column":0},"end":{"line":2,"column":49}},"1":{"start":{"line":3,"column":0},"end":{"line":3,"column":44}},"2":{"start":{"line":4,"column":0},"end":{"line":4,"column":30}},"3":{"start":{"line":6,"column":0},"end":{"line":6,"column":49}},"4":{"start":{"line":10,"column":0},"end":{"line":38,"column":null}},"5":{"start":{"line":14,"column":4},"end":{"line":14,"column":41}},"6":{"start":{"line":19,"column":18},"end":{"line":19,"column":32}},"7":{"start":{"line":20,"column":21},"end":{"line":20,"column":38}},"8":{"start":{"line":22,"column":31},"end":{"line":22,"column":78}},"9":{"start":{"line":24,"column":4},"end":{"line":36,"column":null}},"10":{"start":{"line":25,"column":20},"end":{"line":25,"column":65}},"11":{"start":{"line":26,"column":6},"end":{"line":33,"column":null}},"12":{"start":{"line":27,"column":28},"end":{"line":27,"column":54}},"13":{"start":{"line":28,"column":29},"end":{"line":28,"column":46}},"14":{"start":{"line":30,"column":8},"end":{"line":30,"column":68}},"15":{"start":{"line":32,"column":8},"end":{"line":32,"column":43}},"16":{"start":{"line":35,"column":6},"end":{"line":35,"column":41}},"17":{"start":{"line":18,"column":2},"end":{"line":37,"column":null}}},"fnMap":{"0":{"name":"(anonymous_3)","decl":{"start":{"line":13,"column":2},"end":{"line":13,"column":14}},"loc":{"start":{"line":13,"column":44},"end":{"line":15,"column":3}}},"1":{"name":"(anonymous_4)","decl":{"start":{"line":18,"column":2},"end":{"line":18,"column":7}},"loc":{"start":{"line":18,"column":41},"end":{"line":37,"column":3}}}},"branchMap":{"0":{"loc":{"start":{"line":24,"column":4},"end":{"line":36,"column":null}},"type":"if","locations":[{"start":{"line":24,"column":4},"end":{"line":36,"column":null}},{"start":{"line":24,"column":4},"end":{"line":36,"column":null}}]},"1":{"loc":{"start":{"line":26,"column":6},"end":{"line":33,"column":null}},"type":"if","locations":[{"start":{"line":26,"column":6},"end":{"line":33,"column":null}},{"start":{"line":26,"column":6},"end":{"line":33,"column":null}}]}},"s":{"0":2,"1":2,"2":2,"3":2,"4":4,"5":1,"6":0,"7":0,"8":0,"9":0,"10":0,"11":0,"12":0,"13":0,"14":0,"15":0,"16":0,"17":2},"f":{"0":1,"1":0},"b":{"0":[0,0],"1":[0,0]}}
,"D:\\Sergio\\repositorios\\nodejsgrupo2\\Clases\\Clase06\\src\\controllers\\index.ts": {"path":"D:\\Sergio\\repositorios\\nodejsgrupo2\\Clases\\Clase06\\src\\controllers\\index.ts","statementMap":{"0":{"start":{"line":1,"column":0},"end":{"line":1,"column":9}},"1":{"start":{"line":1,"column":9},"end":{"line":1,"column":34}},"2":{"start":{"line":2,"column":0},"end":{"line":2,"column":9}},"3":{"start":{"line":2,"column":9},"end":{"line":2,"column":34}},"4":{"start":{"line":3,"column":0},"end":{"line":3,"column":9}},"5":{"start":{"line":3,"column":9},"end":{"line":3,"column":34}}},"fnMap":{"0":{"name":"(anonymous_1)","decl":{"start":{"line":1,"column":9},"end":{"line":1,"column":16}},"loc":{"start":{"line":1,"column":9},"end":{"line":1,"column":34}}},"1":{"name":"(anonymous_2)","decl":{"start":{"line":2,"column":9},"end":{"line":2,"column":16}},"loc":{"start":{"line":2,"column":9},"end":{"line":2,"column":34}}},"2":{"name":"(anonymous_3)","decl":{"start":{"line":3,"column":9},"end":{"line":3,"column":16}},"loc":{"start":{"line":3,"column":9},"end":{"line":3,"column":34}}}},"branchMap":{},"s":{"0":2,"1":4,"2":2,"3":3,"4":2,"5":3},"f":{"0":2,"1":1,"2":1},"b":{}}
,"D:\\Sergio\\repositorios\\nodejsgrupo2\\Clases\\Clase06\\src\\controllers\\role.controller.ts": {"path":"D:\\Sergio\\repositorios\\nodejsgrupo2\\Clases\\Clase06\\src\\controllers\\role.controller.ts","statementMap":{"0":{"start":{"line":1,"column":0},"end":{"line":1,"column":49}},"1":{"start":{"line":4,"column":0},"end":{"line":4,"column":47}},"2":{"start":{"line":5,"column":0},"end":{"line":5,"column":37}},"3":{"start":{"line":6,"column":0},"end":{"line":6,"column":67}},"4":{"start":{"line":7,"column":0},"end":{"line":7,"column":68}},"5":{"start":{"line":13,"column":0},"end":{"line":61,"column":null}},"6":{"start":{"line":17,"column":4},"end":{"line":17,"column":41}},"7":{"start":{"line":22,"column":34},"end":{"line":22,"column":68}},"8":{"start":{"line":24,"column":4},"end":{"line":26,"column":null}},"9":{"start":{"line":25,"column":6},"end":{"line":25,"column":65}},"10":{"start":{"line":28,"column":4},"end":{"line":28,"column":32}},"11":{"start":{"line":33,"column":31},"end":{"line":33,"column":79}},"12":{"start":{"line":34,"column":4},"end":{"line":34,"column":55}},"13":{"start":{"line":39,"column":17},"end":{"line":39,"column":25}},"14":{"start":{"line":40,"column":39},"end":{"line":40,"column":77}},"15":{"start":{"line":41,"column":4},"end":{"line":41,"column":63}},"16":{"start":{"line":46,"column":17},"end":{"line":46,"column":25}},"17":{"start":{"line":47,"column":15},"end":{"line":47,"column":28}},"18":{"start":{"line":48,"column":38},"end":{"line":50,"column":null}},"19":{"start":{"line":52,"column":4},"end":{"line":52,"column":62}},"20":{"start":{"line":57,"column":15},"end":{"line":57,"column":28}},"21":{"start":{"line":58,"column":38},"end":{"line":58,"column":74}},"22":{"start":{"line":59,"column":4},"end":{"line":59,"column":62}},"23":{"start":{"line":21,"column":2},"end":{"line":29,"column":null}},"24":{"start":{"line":32,"column":2},"end":{"line":35,"column":null}},"25":{"start":{"line":38,"column":2},"end":{"line":42,"column":null}},"26":{"start":{"line":45,"column":2},"end":{"line":53,"column":null}},"27":{"start":{"line":56,"column":2},"end":{"line":60,"column":null}}},"fnMap":{"0":{"name":"(anonymous_2)","decl":{"start":{"line":16,"column":2},"end":{"line":16,"column":14}},"loc":{"start":{"line":16,"column":44},"end":{"line":18,"column":3}}},"1":{"name":"(anonymous_3)","decl":{"start":{"line":21,"column":2},"end":{"line":21,"column":7}},"loc":{"start":{"line":21,"column":42},"end":{"line":29,"column":3}}},"2":{"name":"(anonymous_4)","decl":{"start":{"line":32,"column":2},"end":{"line":32,"column":7}},"loc":{"start":{"line":32,"column":43},"end":{"line":35,"column":3}}},"3":{"name":"(anonymous_5)","decl":{"start":{"line":38,"column":2},"end":{"line":38,"column":7}},"loc":{"start":{"line":38,"column":42},"end":{"line":42,"column":3}}},"4":{"name":"(anonymous_6)","decl":{"start":{"line":45,"column":2},"end":{"line":45,"column":7}},"loc":{"start":{"line":45,"column":42},"end":{"line":53,"column":3}}},"5":{"name":"(anonymous_7)","decl":{"start":{"line":56,"column":2},"end":{"line":56,"column":7}},"loc":{"start":{"line":56,"column":42},"end":{"line":60,"column":3}}}},"branchMap":{"0":{"loc":{"start":{"line":24,"column":4},"end":{"line":26,"column":null}},"type":"if","locations":[{"start":{"line":24,"column":4},"end":{"line":26,"column":null}},{"start":{"line":24,"column":4},"end":{"line":26,"column":null}}]},"1":{"loc":{"start":{"line":24,"column":8},"end":{"line":24,"column":13}},"type":"binary-expr","locations":[{"start":{"line":24,"column":8},"end":{"line":24,"column":13}},{"start":{"line":24,"column":17},"end":{"line":24,"column":29}}]}},"s":{"0":2,"1":2,"2":2,"3":2,"4":2,"5":4,"6":1,"7":0,"8":0,"9":0,"10":0,"11":0,"12":0,"13":0,"14":0,"15":0,"16":0,"17":0,"18":0,"19":0,"20":0,"21":0,"22":0,"23":2,"24":2,"25":2,"26":2,"27":2},"f":{"0":1,"1":0,"2":0,"3":0,"4":0,"5":0},"b":{"0":[0,0],"1":[0,0]}}
,"D:\\Sergio\\repositorios\\nodejsgrupo2\\Clases\\Clase06\\src\\controllers\\user.controller.ts": {"path":"D:\\Sergio\\repositorios\\nodejsgrupo2\\Clases\\Clase06\\src\\controllers\\user.controller.ts","statementMap":{"0":{"start":{"line":1,"column":0},"end":{"line":1,"column":49}},"1":{"start":{"line":4,"column":0},"end":{"line":4,"column":47}},"2":{"start":{"line":5,"column":0},"end":{"line":5,"column":44}},"3":{"start":{"line":6,"column":0},"end":{"line":6,"column":30}},"4":{"start":{"line":7,"column":0},"end":{"line":7,"column":67}},"5":{"start":{"line":8,"column":0},"end":{"line":8,"column":68}},"6":{"start":{"line":9,"column":0},"end":{"line":9,"column":61}},"7":{"start":{"line":15,"column":0},"end":{"line":66,"column":null}},"8":{"start":{"line":19,"column":4},"end":{"line":19,"column":41}},"9":{"start":{"line":24,"column":34},"end":{"line":24,"column":68}},"10":{"start":{"line":26,"column":4},"end":{"line":28,"column":null}},"11":{"start":{"line":27,"column":6},"end":{"line":27,"column":65}},"12":{"start":{"line":30,"column":4},"end":{"line":30,"column":32}},"13":{"start":{"line":35,"column":31},"end":{"line":35,"column":79}},"14":{"start":{"line":36,"column":4},"end":{"line":36,"column":55}},"15":{"start":{"line":41,"column":17},"end":{"line":41,"column":25}},"16":{"start":{"line":42,"column":4},"end":{"line":42,"column":48}},"17":{"start":{"line":43,"column":4},"end":{"line":43,"column":57}},"18":{"start":{"line":45,"column":39},"end":{"line":45,"column":77}},"19":{"start":{"line":46,"column":4},"end":{"line":46,"column":63}},"20":{"start":{"line":51,"column":17},"end":{"line":51,"column":25}},"21":{"start":{"line":52,"column":15},"end":{"line":52,"column":28}},"22":{"start":{"line":53,"column":38},"end":{"line":55,"column":null}},"23":{"start":{"line":57,"column":4},"end":{"line":57,"column":62}},"24":{"start":{"line":62,"column":15},"end":{"line":62,"column":28}},"25":{"start":{"line":63,"column":38},"end":{"line":63,"column":74}},"26":{"start":{"line":64,"column":4},"end":{"line":64,"column":62}},"27":{"start":{"line":23,"column":2},"end":{"line":31,"column":null}},"28":{"start":{"line":34,"column":2},"end":{"line":37,"column":null}},"29":{"start":{"line":40,"column":2},"end":{"line":47,"column":null}},"30":{"start":{"line":50,"column":2},"end":{"line":58,"column":null}},"31":{"start":{"line":61,"column":2},"end":{"line":65,"column":null}}},"fnMap":{"0":{"name":"(anonymous_3)","decl":{"start":{"line":18,"column":2},"end":{"line":18,"column":14}},"loc":{"start":{"line":18,"column":44},"end":{"line":20,"column":3}}},"1":{"name":"(anonymous_4)","decl":{"start":{"line":23,"column":2},"end":{"line":23,"column":7}},"loc":{"start":{"line":23,"column":42},"end":{"line":31,"column":3}}},"2":{"name":"(anonymous_5)","decl":{"start":{"line":34,"column":2},"end":{"line":34,"column":7}},"loc":{"start":{"line":34,"column":43},"end":{"line":37,"column":3}}},"3":{"name":"(anonymous_6)","decl":{"start":{"line":40,"column":2},"end":{"line":40,"column":7}},"loc":{"start":{"line":40,"column":62},"end":{"line":47,"column":3}}},"4":{"name":"(anonymous_7)","decl":{"start":{"line":50,"column":2},"end":{"line":50,"column":7}},"loc":{"start":{"line":50,"column":42},"end":{"line":58,"column":3}}},"5":{"name":"(anonymous_8)","decl":{"start":{"line":61,"column":2},"end":{"line":61,"column":7}},"loc":{"start":{"line":61,"column":42},"end":{"line":65,"column":3}}}},"branchMap":{"0":{"loc":{"start":{"line":26,"column":4},"end":{"line":28,"column":null}},"type":"if","locations":[{"start":{"line":26,"column":4},"end":{"line":28,"column":null}},{"start":{"line":26,"column":4},"end":{"line":28,"column":null}}]},"1":{"loc":{"start":{"line":26,"column":8},"end":{"line":26,"column":13}},"type":"binary-expr","locations":[{"start":{"line":26,"column":8},"end":{"line":26,"column":13}},{"start":{"line":26,"column":17},"end":{"line":26,"column":29}}]}},"s":{"0":2,"1":2,"2":2,"3":2,"4":2,"5":2,"6":2,"7":4,"8":2,"9":2,"10":2,"11":2,"12":0,"13":0,"14":0,"15":0,"16":0,"17":0,"18":0,"19":0,"20":0,"21":0,"22":0,"23":0,"24":0,"25":0,"26":0,"27":2,"28":2,"29":2,"30":2,"31":2},"f":{"0":2,"1":2,"2":0,"3":0,"4":0,"5":0},"b":{"0":[2,0],"1":[2,2]}}
,"D:\\Sergio\\repositorios\\nodejsgrupo2\\Clases\\Clase06\\src\\decorators\\controller.decorator.ts": {"path":"D:\\Sergio\\repositorios\\nodejsgrupo2\\Clases\\Clase06\\src\\decorators\\controller.decorator.ts","statementMap":{"0":{"start":{"line":1,"column":18},"end":{"line":10,"column":1}},"1":{"start":{"line":2,"column":2},"end":{"line":9,"column":4}},"2":{"start":{"line":3,"column":4},"end":{"line":3,"column":53}},"3":{"start":{"line":4,"column":4},"end":{"line":4,"column":63}},"4":{"start":{"line":6,"column":4},"end":{"line":8,"column":null}},"5":{"start":{"line":7,"column":6},"end":{"line":7,"column":51}},"6":{"start":{"line":12,"column":0},"end":{"line":12,"column":25}}},"fnMap":{"0":{"name":"(anonymous_0)","decl":{"start":{"line":1,"column":18},"end":{"line":1,"column":19}},"loc":{"start":{"line":1,"column":75},"end":{"line":10,"column":1}}},"1":{"name":"(anonymous_1)","decl":{"start":{"line":2,"column":9},"end":{"line":2,"column":10}},"loc":{"start":{"line":2,"column":30},"end":{"line":9,"column":3}}}},"branchMap":{"0":{"loc":{"start":{"line":1,"column":28},"end":{"line":1,"column":30}},"type":"default-arg","locations":[{"start":{"line":1,"column":28},"end":{"line":1,"column":30}}]},"1":{"loc":{"start":{"line":1,"column":53},"end":{"line":1,"column":55}},"type":"default-arg","locations":[{"start":{"line":1,"column":53},"end":{"line":1,"column":55}}]},"2":{"loc":{"start":{"line":6,"column":4},"end":{"line":8,"column":null}},"type":"if","locations":[{"start":{"line":6,"column":4},"end":{"line":8,"column":null}},{"start":{"line":6,"column":4},"end":{"line":8,"column":null}}]}},"s":{"0":2,"1":6,"2":6,"3":6,"4":6,"5":0,"6":2},"f":{"0":6,"1":6},"b":{"0":[0],"1":[2],"2":[0,6]}}
,"D:\\Sergio\\repositorios\\nodejsgrupo2\\Clases\\Clase06\\src\\decorators\\delete.decorator.ts": {"path":"D:\\Sergio\\repositorios\\nodejsgrupo2\\Clases\\Clase06\\src\\decorators\\delete.decorator.ts","statementMap":{"0":{"start":{"line":3,"column":18},"end":{"line":23,"column":1}},"1":{"start":{"line":4,"column":2},"end":{"line":22,"column":4}},"2":{"start":{"line":5,"column":4},"end":{"line":7,"column":null}},"3":{"start":{"line":6,"column":6},"end":{"line":6,"column":63}},"4":{"start":{"line":9,"column":43},"end":{"line":11,"column":null}},"5":{"start":{"line":14,"column":4},"end":{"line":19,"column":7}},"6":{"start":{"line":21,"column":4},"end":{"line":21,"column":65}},"7":{"start":{"line":25,"column":0},"end":{"line":25,"column":25}}},"fnMap":{"0":{"name":"(anonymous_0)","decl":{"start":{"line":3,"column":18},"end":{"line":3,"column":19}},"loc":{"start":{"line":3,"column":77},"end":{"line":23,"column":1}}},"1":{"name":"(anonymous_1)","decl":{"start":{"line":4,"column":9},"end":{"line":4,"column":10}},"loc":{"start":{"line":4,"column":46},"end":{"line":22,"column":3}}}},"branchMap":{"0":{"loc":{"start":{"line":3,"column":54},"end":{"line":3,"column":56}},"type":"default-arg","locations":[{"start":{"line":3,"column":54},"end":{"line":3,"column":56}}]},"1":{"loc":{"start":{"line":5,"column":4},"end":{"line":7,"column":null}},"type":"if","locations":[{"start":{"line":5,"column":4},"end":{"line":7,"column":null}},{"start":{"line":5,"column":4},"end":{"line":7,"column":null}}]}},"s":{"0":2,"1":4,"2":4,"3":0,"4":4,"5":4,"6":4,"7":2},"f":{"0":4,"1":4},"b":{"0":[4],"1":[0,4]}}
,"D:\\Sergio\\repositorios\\nodejsgrupo2\\Clases\\Clase06\\src\\decorators\\get.decorator.ts": {"path":"D:\\Sergio\\repositorios\\nodejsgrupo2\\Clases\\Clase06\\src\\decorators\\get.decorator.ts","statementMap":{"0":{"start":{"line":3,"column":18},"end":{"line":23,"column":1}},"1":{"start":{"line":4,"column":2},"end":{"line":22,"column":4}},"2":{"start":{"line":5,"column":4},"end":{"line":7,"column":null}},"3":{"start":{"line":6,"column":6},"end":{"line":6,"column":63}},"4":{"start":{"line":9,"column":43},"end":{"line":11,"column":null}},"5":{"start":{"line":14,"column":4},"end":{"line":19,"column":7}},"6":{"start":{"line":21,"column":4},"end":{"line":21,"column":65}},"7":{"start":{"line":25,"column":0},"end":{"line":25,"column":25}}},"fnMap":{"0":{"name":"(anonymous_0)","decl":{"start":{"line":3,"column":18},"end":{"line":3,"column":19}},"loc":{"start":{"line":3,"column":77},"end":{"line":23,"column":1}}},"1":{"name":"(anonymous_1)","decl":{"start":{"line":4,"column":9},"end":{"line":4,"column":10}},"loc":{"start":{"line":4,"column":46},"end":{"line":22,"column":3}}}},"branchMap":{"0":{"loc":{"start":{"line":3,"column":54},"end":{"line":3,"column":56}},"type":"default-arg","locations":[{"start":{"line":3,"column":54},"end":{"line":3,"column":56}}]},"1":{"loc":{"start":{"line":5,"column":4},"end":{"line":7,"column":null}},"type":"if","locations":[{"start":{"line":5,"column":4},"end":{"line":7,"column":null}},{"start":{"line":5,"column":4},"end":{"line":7,"column":null}}]}},"s":{"0":2,"1":8,"2":8,"3":4,"4":8,"5":8,"6":8,"7":2},"f":{"0":8,"1":8},"b":{"0":[8],"1":[4,4]}}
,"D:\\Sergio\\repositorios\\nodejsgrupo2\\Clases\\Clase06\\src\\decorators\\index.ts": {"path":"D:\\Sergio\\repositorios\\nodejsgrupo2\\Clases\\Clase06\\src\\decorators\\index.ts","statementMap":{"0":{"start":{"line":1,"column":0},"end":{"line":1,"column":9}},"1":{"start":{"line":1,"column":9},"end":{"line":1,"column":30}},"2":{"start":{"line":2,"column":0},"end":{"line":2,"column":9}},"3":{"start":{"line":2,"column":9},"end":{"line":2,"column":24}},"4":{"start":{"line":3,"column":0},"end":{"line":3,"column":9}},"5":{"start":{"line":3,"column":9},"end":{"line":3,"column":23}},"6":{"start":{"line":4,"column":0},"end":{"line":4,"column":9}},"7":{"start":{"line":4,"column":9},"end":{"line":4,"column":23}},"8":{"start":{"line":5,"column":0},"end":{"line":5,"column":9}},"9":{"start":{"line":5,"column":9},"end":{"line":5,"column":26}}},"fnMap":{"0":{"name":"(anonymous_1)","decl":{"start":{"line":1,"column":9},"end":{"line":1,"column":16}},"loc":{"start":{"line":1,"column":9},"end":{"line":1,"column":30}}},"1":{"name":"(anonymous_2)","decl":{"start":{"line":2,"column":9},"end":{"line":2,"column":16}},"loc":{"start":{"line":2,"column":9},"end":{"line":2,"column":24}}},"2":{"name":"(anonymous_3)","decl":{"start":{"line":3,"column":9},"end":{"line":3,"column":16}},"loc":{"start":{"line":3,"column":9},"end":{"line":3,"column":23}}},"3":{"name":"(anonymous_4)","decl":{"start":{"line":4,"column":9},"end":{"line":4,"column":16}},"loc":{"start":{"line":4,"column":9},"end":{"line":4,"column":23}}},"4":{"name":"(anonymous_5)","decl":{"start":{"line":5,"column":9},"end":{"line":5,"column":16}},"loc":{"start":{"line":5,"column":9},"end":{"line":5,"column":26}}}},"branchMap":{},"s":{"0":2,"1":8,"2":2,"3":8,"4":2,"5":10,"6":2,"7":6,"8":2,"9":6},"f":{"0":6,"1":6,"2":8,"3":4,"4":4},"b":{}}
,"D:\\Sergio\\repositorios\\nodejsgrupo2\\Clases\\Clase06\\src\\decorators\\post.decorator.ts": {"path":"D:\\Sergio\\repositorios\\nodejsgrupo2\\Clases\\Clase06\\src\\decorators\\post.decorator.ts","statementMap":{"0":{"start":{"line":3,"column":18},"end":{"line":23,"column":1}},"1":{"start":{"line":4,"column":2},"end":{"line":22,"column":4}},"2":{"start":{"line":5,"column":4},"end":{"line":7,"column":null}},"3":{"start":{"line":6,"column":6},"end":{"line":6,"column":63}},"4":{"start":{"line":9,"column":43},"end":{"line":11,"column":null}},"5":{"start":{"line":14,"column":4},"end":{"line":19,"column":7}},"6":{"start":{"line":21,"column":4},"end":{"line":21,"column":65}},"7":{"start":{"line":25,"column":0},"end":{"line":25,"column":25}}},"fnMap":{"0":{"name":"(anonymous_0)","decl":{"start":{"line":3,"column":18},"end":{"line":3,"column":19}},"loc":{"start":{"line":3,"column":77},"end":{"line":23,"column":1}}},"1":{"name":"(anonymous_1)","decl":{"start":{"line":4,"column":9},"end":{"line":4,"column":10}},"loc":{"start":{"line":4,"column":46},"end":{"line":22,"column":3}}}},"branchMap":{"0":{"loc":{"start":{"line":3,"column":54},"end":{"line":3,"column":56}},"type":"default-arg","locations":[{"start":{"line":3,"column":54},"end":{"line":3,"column":56}}]},"1":{"loc":{"start":{"line":5,"column":4},"end":{"line":7,"column":null}},"type":"if","locations":[{"start":{"line":5,"column":4},"end":{"line":7,"column":null}},{"start":{"line":5,"column":4},"end":{"line":7,"column":null}}]}},"s":{"0":2,"1":6,"2":6,"3":2,"4":6,"5":6,"6":6,"7":2},"f":{"0":6,"1":6},"b":{"0":[4],"1":[2,4]}}
,"D:\\Sergio\\repositorios\\nodejsgrupo2\\Clases\\Clase06\\src\\decorators\\put.decorator.ts": {"path":"D:\\Sergio\\repositorios\\nodejsgrupo2\\Clases\\Clase06\\src\\decorators\\put.decorator.ts","statementMap":{"0":{"start":{"line":3,"column":18},"end":{"line":23,"column":1}},"1":{"start":{"line":4,"column":2},"end":{"line":22,"column":4}},"2":{"start":{"line":5,"column":4},"end":{"line":7,"column":null}},"3":{"start":{"line":6,"column":6},"end":{"line":6,"column":63}},"4":{"start":{"line":9,"column":43},"end":{"line":11,"column":null}},"5":{"start":{"line":14,"column":4},"end":{"line":19,"column":7}},"6":{"start":{"line":21,"column":4},"end":{"line":21,"column":65}},"7":{"start":{"line":25,"column":0},"end":{"line":25,"column":25}}},"fnMap":{"0":{"name":"(anonymous_0)","decl":{"start":{"line":3,"column":18},"end":{"line":3,"column":19}},"loc":{"start":{"line":3,"column":77},"end":{"line":23,"column":1}}},"1":{"name":"(anonymous_1)","decl":{"start":{"line":4,"column":9},"end":{"line":4,"column":10}},"loc":{"start":{"line":4,"column":46},"end":{"line":22,"column":3}}}},"branchMap":{"0":{"loc":{"start":{"line":3,"column":54},"end":{"line":3,"column":56}},"type":"default-arg","locations":[{"start":{"line":3,"column":54},"end":{"line":3,"column":56}}]},"1":{"loc":{"start":{"line":5,"column":4},"end":{"line":7,"column":null}},"type":"if","locations":[{"start":{"line":5,"column":4},"end":{"line":7,"column":null}},{"start":{"line":5,"column":4},"end":{"line":7,"column":null}}]}},"s":{"0":2,"1":4,"2":4,"3":0,"4":4,"5":4,"6":4,"7":2},"f":{"0":4,"1":4},"b":{"0":[4],"1":[0,4]}}
,"D:\\Sergio\\repositorios\\nodejsgrupo2\\Clases\\Clase06\\src\\dto\\index.ts": {"path":"D:\\Sergio\\repositorios\\nodejsgrupo2\\Clases\\Clase06\\src\\dto\\index.ts","statementMap":{"0":{"start":{"line":1,"column":0},"end":{"line":1,"column":9}},"1":{"start":{"line":1,"column":9},"end":{"line":1,"column":41}},"2":{"start":{"line":2,"column":0},"end":{"line":2,"column":9}},"3":{"start":{"line":2,"column":9},"end":{"line":2,"column":41}},"4":{"start":{"line":3,"column":0},"end":{"line":3,"column":9}},"5":{"start":{"line":3,"column":9},"end":{"line":3,"column":38}}},"fnMap":{"0":{"name":"(anonymous_1)","decl":{"start":{"line":1,"column":9},"end":{"line":1,"column":16}},"loc":{"start":{"line":1,"column":9},"end":{"line":1,"column":41}}},"1":{"name":"(anonymous_2)","decl":{"start":{"line":2,"column":9},"end":{"line":2,"column":16}},"loc":{"start":{"line":2,"column":9},"end":{"line":2,"column":41}}},"2":{"name":"(anonymous_3)","decl":{"start":{"line":3,"column":9},"end":{"line":3,"column":16}},"loc":{"start":{"line":3,"column":9},"end":{"line":3,"column":38}}}},"branchMap":{},"s":{"0":2,"1":6,"2":2,"3":4,"4":2,"5":2},"f":{"0":4,"1":2,"2":0},"b":{}}
,"D:\\Sergio\\repositorios\\nodejsgrupo2\\Clases\\Clase06\\src\\dto\\role-general.dto.ts": {"path":"D:\\Sergio\\repositorios\\nodejsgrupo2\\Clases\\Clase06\\src\\dto\\role-general.dto.ts","statementMap":{"0":{"start":{"line":6,"column":16},"end":{"line":25,"column":1}},"1":{"start":{"line":7,"column":2},"end":{"line":9,"column":null}},"2":{"start":{"line":8,"column":4},"end":{"line":8,"column":14}},"3":{"start":{"line":11,"column":2},"end":{"line":24,"column":null}},"4":{"start":{"line":12,"column":33},"end":{"line":14,"column":6}},"5":{"start":{"line":13,"column":6},"end":{"line":13,"column":52}},"6":{"start":{"line":16,"column":4},"end":{"line":16,"column":25}},"7":{"start":{"line":18,"column":31},"end":{"line":21,"column":6}},"8":{"start":{"line":23,"column":4},"end":{"line":23,"column":25}},"9":{"start":{"line":27,"column":0},"end":{"line":27,"column":23}}},"fnMap":{"0":{"name":"(anonymous_0)","decl":{"start":{"line":6,"column":16},"end":{"line":6,"column":17}},"loc":{"start":{"line":6,"column":51},"end":{"line":25,"column":1}}},"1":{"name":"(anonymous_1)","decl":{"start":{"line":12,"column":42},"end":{"line":12,"column":43}},"loc":{"start":{"line":12,"column":49},"end":{"line":14,"column":5}}}},"branchMap":{"0":{"loc":{"start":{"line":7,"column":2},"end":{"line":9,"column":null}},"type":"if","locations":[{"start":{"line":7,"column":2},"end":{"line":9,"column":null}},{"start":{"line":7,"column":2},"end":{"line":9,"column":null}}]},"1":{"loc":{"start":{"line":11,"column":2},"end":{"line":24,"column":null}},"type":"if","locations":[{"start":{"line":11,"column":2},"end":{"line":24,"column":null}},{"start":{"line":11,"column":2},"end":{"line":24,"column":null}}]}},"s":{"0":2,"1":4,"2":0,"3":4,"4":4,"5":4,"6":4,"7":0,"8":0,"9":2},"f":{"0":4,"1":4},"b":{"0":[0,4],"1":[4,0]}}
,"D:\\Sergio\\repositorios\\nodejsgrupo2\\Clases\\Clase06\\src\\dto\\user-general.dto.ts": {"path":"D:\\Sergio\\repositorios\\nodejsgrupo2\\Clases\\Clase06\\src\\dto\\user-general.dto.ts","statementMap":{"0":{"start":{"line":1,"column":0},"end":{"line":1,"column":42}},"1":{"start":{"line":10,"column":16},"end":{"line":36,"column":1}},"2":{"start":{"line":11,"column":2},"end":{"line":13,"column":null}},"3":{"start":{"line":12,"column":4},"end":{"line":12,"column":14}},"4":{"start":{"line":15,"column":2},"end":{"line":35,"column":null}},"5":{"start":{"line":16,"column":33},"end":{"line":23,"column":6}},"6":{"start":{"line":17,"column":6},"end":{"line":22,"column":8}},"7":{"start":{"line":25,"column":4},"end":{"line":25,"column":25}},"8":{"start":{"line":27,"column":31},"end":{"line":32,"column":6}},"9":{"start":{"line":34,"column":4},"end":{"line":34,"column":25}},"10":{"start":{"line":38,"column":0},"end":{"line":38,"column":23}}},"fnMap":{"0":{"name":"(anonymous_0)","decl":{"start":{"line":10,"column":16},"end":{"line":10,"column":17}},"loc":{"start":{"line":10,"column":51},"end":{"line":36,"column":1}}},"1":{"name":"(anonymous_1)","decl":{"start":{"line":16,"column":42},"end":{"line":16,"column":43}},"loc":{"start":{"line":16,"column":49},"end":{"line":23,"column":5}}}},"branchMap":{"0":{"loc":{"start":{"line":11,"column":2},"end":{"line":13,"column":null}},"type":"if","locations":[{"start":{"line":11,"column":2},"end":{"line":13,"column":null}},{"start":{"line":11,"column":2},"end":{"line":13,"column":null}}]},"1":{"loc":{"start":{"line":15,"column":2},"end":{"line":35,"column":null}},"type":"if","locations":[{"start":{"line":15,"column":2},"end":{"line":35,"column":null}},{"start":{"line":15,"column":2},"end":{"line":35,"column":null}}]}},"s":{"0":2,"1":2,"2":2,"3":0,"4":2,"5":2,"6":4,"7":2,"8":0,"9":0,"10":2},"f":{"0":2,"1":4},"b":{"0":[0,2],"1":[2,0]}}
,"D:\\Sergio\\repositorios\\nodejsgrupo2\\Clases\\Clase06\\src\\dto\\user-list.dto.ts": {"path":"D:\\Sergio\\repositorios\\nodejsgrupo2\\Clases\\Clase06\\src\\dto\\user-list.dto.ts","statementMap":{"0":{"start":{"line":7,"column":24},"end":{"line":13,"column":1}},"1":{"start":{"line":8,"column":39},"end":{"line":10,"column":4}},"2":{"start":{"line":9,"column":4},"end":{"line":9,"column":59}},"3":{"start":{"line":12,"column":2},"end":{"line":12,"column":23}}},"fnMap":{"0":{"name":"(anonymous_0)","decl":{"start":{"line":7,"column":24},"end":{"line":7,"column":25}},"loc":{"start":{"line":7,"column":55},"end":{"line":13,"column":1}}},"1":{"name":"(anonymous_1)","decl":{"start":{"line":8,"column":48},"end":{"line":8,"column":49}},"loc":{"start":{"line":8,"column":55},"end":{"line":10,"column":3}}}},"branchMap":{},"s":{"0":0,"1":0,"2":0,"3":0},"f":{"0":0,"1":0},"b":{}}
,"D:\\Sergio\\repositorios\\nodejsgrupo2\\Clases\\Clase06\\src\\dto\\user-role.dto.ts": {"path":"D:\\Sergio\\repositorios\\nodejsgrupo2\\Clases\\Clase06\\src\\dto\\user-role.dto.ts","statementMap":{"0":{"start":{"line":5,"column":16},"end":{"line":25,"column":1}},"1":{"start":{"line":6,"column":2},"end":{"line":8,"column":null}},"2":{"start":{"line":7,"column":4},"end":{"line":7,"column":14}},"3":{"start":{"line":10,"column":2},"end":{"line":24,"column":null}},"4":{"start":{"line":11,"column":33},"end":{"line":15,"column":6}},"5":{"start":{"line":12,"column":6},"end":{"line":14,"column":8}},"6":{"start":{"line":17,"column":4},"end":{"line":17,"column":25}},"7":{"start":{"line":19,"column":31},"end":{"line":21,"column":6}},"8":{"start":{"line":23,"column":4},"end":{"line":23,"column":25}},"9":{"start":{"line":27,"column":0},"end":{"line":27,"column":23}}},"fnMap":{"0":{"name":"(anonymous_0)","decl":{"start":{"line":5,"column":16},"end":{"line":5,"column":17}},"loc":{"start":{"line":5,"column":51},"end":{"line":25,"column":1}}},"1":{"name":"(anonymous_1)","decl":{"start":{"line":11,"column":42},"end":{"line":11,"column":43}},"loc":{"start":{"line":11,"column":49},"end":{"line":15,"column":5}}}},"branchMap":{"0":{"loc":{"start":{"line":6,"column":2},"end":{"line":8,"column":null}},"type":"if","locations":[{"start":{"line":6,"column":2},"end":{"line":8,"column":null}},{"start":{"line":6,"column":2},"end":{"line":8,"column":null}}]},"1":{"loc":{"start":{"line":10,"column":2},"end":{"line":24,"column":null}},"type":"if","locations":[{"start":{"line":10,"column":2},"end":{"line":24,"column":null}},{"start":{"line":10,"column":2},"end":{"line":24,"column":null}}]}},"s":{"0":2,"1":0,"2":0,"3":0,"4":0,"5":0,"6":0,"7":0,"8":0,"9":2},"f":{"0":0,"1":0},"b":{"0":[0,0],"1":[0,0]}}
,"D:\\Sergio\\repositorios\\nodejsgrupo2\\Clases\\Clase06\\src\\guards\\authentication.guard.ts": {"path":"D:\\Sergio\\repositorios\\nodejsgrupo2\\Clases\\Clase06\\src\\guards\\authentication.guard.ts","statementMap":{"0":{"start":{"line":2,"column":0},"end":{"line":2,"column":44}},"1":{"start":{"line":6,"column":20},"end":{"line":6,"column":31}},"2":{"start":{"line":8,"column":4},"end":{"line":30,"column":null}},"3":{"start":{"line":9,"column":20},"end":{"line":9,"column":55}},"4":{"start":{"line":11,"column":6},"end":{"line":27,"column":null}},"5":{"start":{"line":12,"column":8},"end":{"line":24,"column":10}},"6":{"start":{"line":14,"column":12},"end":{"line":14,"column":49}},"7":{"start":{"line":15,"column":12},"end":{"line":15,"column":19}},"8":{"start":{"line":18,"column":12},"end":{"line":22,"column":null}},"9":{"start":{"line":19,"column":14},"end":{"line":19,"column":54}},"10":{"start":{"line":21,"column":14},"end":{"line":21,"column":47}},"11":{"start":{"line":26,"column":8},"end":{"line":26,"column":48}},"12":{"start":{"line":29,"column":6},"end":{"line":29,"column":46}},"13":{"start":{"line":4,"column":0},"end":{"line":4,"column":null}}},"fnMap":{"0":{"name":"(anonymous_0)","decl":{"start":{"line":5,"column":2},"end":{"line":5,"column":8}},"loc":{"start":{"line":5,"column":74},"end":{"line":31,"column":3}}},"1":{"name":"(anonymous_1)","decl":{"start":{"line":13,"column":10},"end":{"line":13,"column":11}},"loc":{"start":{"line":13,"column":22},"end":{"line":16,"column":11}}},"2":{"name":"(anonymous_2)","decl":{"start":{"line":17,"column":10},"end":{"line":17,"column":11}},"loc":{"start":{"line":17,"column":20},"end":{"line":23,"column":11}}}},"branchMap":{"0":{"loc":{"start":{"line":8,"column":4},"end":{"line":30,"column":null}},"type":"if","locations":[{"start":{"line":8,"column":4},"end":{"line":30,"column":null}},{"start":{"line":8,"column":4},"end":{"line":30,"column":null}}]},"1":{"loc":{"start":{"line":11,"column":6},"end":{"line":27,"column":null}},"type":"if","locations":[{"start":{"line":11,"column":6},"end":{"line":27,"column":null}},{"start":{"line":11,"column":6},"end":{"line":27,"column":null}}]},"2":{"loc":{"start":{"line":18,"column":12},"end":{"line":22,"column":null}},"type":"if","locations":[{"start":{"line":18,"column":12},"end":{"line":22,"column":null}},{"start":{"line":18,"column":12},"end":{"line":22,"column":null}}]}},"s":{"0":2,"1":3,"2":3,"3":2,"4":2,"5":2,"6":1,"7":1,"8":1,"9":0,"10":1,"11":0,"12":1,"13":2},"f":{"0":3,"1":1,"2":1},"b":{"0":[2,1],"1":[2,0],"2":[0,1]}}
,"D:\\Sergio\\repositorios\\nodejsgrupo2\\Clases\\Clase06\\src\\guards\\authorization.guard.ts": {"path":"D:\\Sergio\\repositorios\\nodejsgrupo2\\Clases\\Clase06\\src\\guards\\authorization.guard.ts","statementMap":{"0":{"start":{"line":2,"column":0},"end":{"line":2,"column":37}},"1":{"start":{"line":8,"column":4},"end":{"line":23,"column":6}},"2":{"start":{"line":9,"column":20},"end":{"line":9,"column":25}},"3":{"start":{"line":10,"column":24},"end":{"line":10,"column":44}},"4":{"start":{"line":12,"column":6},"end":{"line":16,"column":9}},"5":{"start":{"line":13,"column":8},"end":{"line":15,"column":null}},"6":{"start":{"line":14,"column":10},"end":{"line":14,"column":25}},"7":{"start":{"line":18,"column":6},"end":{"line":22,"column":null}},"8":{"start":{"line":19,"column":8},"end":{"line":19,"column":15}},"9":{"start":{"line":21,"column":8},"end":{"line":21,"column":41}},"10":{"start":{"line":4,"column":0},"end":{"line":4,"column":null}}},"fnMap":{"0":{"name":"(anonymous_0)","decl":{"start":{"line":6,"column":2},"end":{"line":6,"column":8}},"loc":{"start":{"line":6,"column":46},"end":{"line":24,"column":3}}},"1":{"name":"(anonymous_1)","decl":{"start":{"line":8,"column":11},"end":{"line":8,"column":12}},"loc":{"start":{"line":8,"column":63},"end":{"line":23,"column":5}}},"2":{"name":"(anonymous_2)","decl":{"start":{"line":12,"column":24},"end":{"line":12,"column":25}},"loc":{"start":{"line":12,"column":55},"end":{"line":16,"column":7}}}},"branchMap":{"0":{"loc":{"start":{"line":13,"column":8},"end":{"line":15,"column":null}},"type":"if","locations":[{"start":{"line":13,"column":8},"end":{"line":15,"column":null}},{"start":{"line":13,"column":8},"end":{"line":15,"column":null}}]},"1":{"loc":{"start":{"line":18,"column":6},"end":{"line":22,"column":null}},"type":"if","locations":[{"start":{"line":18,"column":6},"end":{"line":22,"column":null}},{"start":{"line":18,"column":6},"end":{"line":22,"column":null}}]}},"s":{"0":2,"1":4,"2":1,"3":1,"4":1,"5":1,"6":1,"7":1,"8":1,"9":0,"10":2},"f":{"0":4,"1":1,"2":1},"b":{"0":[1,0],"1":[1,0]}}
,"D:\\Sergio\\repositorios\\nodejsgrupo2\\Clases\\Clase06\\src\\guards\\index.ts": {"path":"D:\\Sergio\\repositorios\\nodejsgrupo2\\Clases\\Clase06\\src\\guards\\index.ts","statementMap":{"0":{"start":{"line":1,"column":0},"end":{"line":1,"column":9}},"1":{"start":{"line":1,"column":9},"end":{"line":1,"column":39}},"2":{"start":{"line":2,"column":0},"end":{"line":2,"column":9}},"3":{"start":{"line":2,"column":9},"end":{"line":2,"column":38}}},"fnMap":{"0":{"name":"(anonymous_1)","decl":{"start":{"line":1,"column":9},"end":{"line":1,"column":16}},"loc":{"start":{"line":1,"column":9},"end":{"line":1,"column":39}}},"1":{"name":"(anonymous_2)","decl":{"start":{"line":2,"column":9},"end":{"line":2,"column":16}},"loc":{"start":{"line":2,"column":9},"end":{"line":2,"column":38}}}},"branchMap":{},"s":{"0":2,"1":6,"2":2,"3":6},"f":{"0":4,"1":4},"b":{}}
,"D:\\Sergio\\repositorios\\nodejsgrupo2\\Clases\\Clase06\\src\\models\\index.ts": {"path":"D:\\Sergio\\repositorios\\nodejsgrupo2\\Clases\\Clase06\\src\\models\\index.ts","statementMap":{"0":{"start":{"line":1,"column":0},"end":{"line":1,"column":9}},"1":{"start":{"line":1,"column":9},"end":{"line":1,"column":24}},"2":{"start":{"line":2,"column":0},"end":{"line":2,"column":9}},"3":{"start":{"line":2,"column":9},"end":{"line":2,"column":24}}},"fnMap":{"0":{"name":"(anonymous_1)","decl":{"start":{"line":1,"column":9},"end":{"line":1,"column":16}},"loc":{"start":{"line":1,"column":9},"end":{"line":1,"column":24}}},"1":{"name":"(anonymous_2)","decl":{"start":{"line":2,"column":9},"end":{"line":2,"column":16}},"loc":{"start":{"line":2,"column":9},"end":{"line":2,"column":24}}}},"branchMap":{},"s":{"0":3,"1":4,"2":3,"3":12},"f":{"0":1,"1":9},"b":{}}
,"D:\\Sergio\\repositorios\\nodejsgrupo2\\Clases\\Clase06\\src\\models\\role.model.ts": {"path":"D:\\Sergio\\repositorios\\nodejsgrupo2\\Clases\\Clase06\\src\\models\\role.model.ts","statementMap":{"0":{"start":{"line":1,"column":0},"end":{"line":1,"column":44}},"1":{"start":{"line":4,"column":23},"end":{"line":17,"column":2}},"2":{"start":{"line":19,"column":0},"end":{"line":19,"column":60}}},"fnMap":{},"branchMap":{},"s":{"0":3,"1":3,"2":3},"f":{},"b":{}}
,"D:\\Sergio\\repositorios\\nodejsgrupo2\\Clases\\Clase06\\src\\models\\user.model.ts": {"path":"D:\\Sergio\\repositorios\\nodejsgrupo2\\Clases\\Clase06\\src\\models\\user.model.ts","statementMap":{"0":{"start":{"line":1,"column":0},"end":{"line":1,"column":44}},"1":{"start":{"line":4,"column":23},"end":{"line":33,"column":2}},"2":{"start":{"line":35,"column":0},"end":{"line":35,"column":60}}},"fnMap":{},"branchMap":{},"s":{"0":3,"1":3,"2":3},"f":{},"b":{}}
,"D:\\Sergio\\repositorios\\nodejsgrupo2\\Clases\\Clase06\\src\\repositories\\generic.repository.ts": {"path":"D:\\Sergio\\repositorios\\nodejsgrupo2\\Clases\\Clase06\\src\\repositories\\generic.repository.ts","statementMap":{"0":{"start":{"line":7,"column":4},"end":{"line":7,"column":23}},"1":{"start":{"line":11,"column":23},"end":{"line":11,"column":52}},"2":{"start":{"line":12,"column":4},"end":{"line":12,"column":17}},"3":{"start":{"line":16,"column":20},"end":{"line":16,"column":49}},"4":{"start":{"line":17,"column":4},"end":{"line":17,"column":16}},"5":{"start":{"line":21,"column":28},"end":{"line":21,"column":57}},"6":{"start":{"line":22,"column":4},"end":{"line":22,"column":24}},"7":{"start":{"line":26,"column":27},"end":{"line":28,"column":6}},"8":{"start":{"line":29,"column":4},"end":{"line":29,"column":23}},"9":{"start":{"line":33,"column":27},"end":{"line":36,"column":null}},"10":{"start":{"line":38,"column":4},"end":{"line":38,"column":23}},"11":{"start":{"line":3,"column":0},"end":{"line":3,"column":null}}},"fnMap":{"0":{"name":"(anonymous_0)","decl":{"start":{"line":6,"column":2},"end":{"line":6,"column":14}},"loc":{"start":{"line":6,"column":22},"end":{"line":8,"column":3}}},"1":{"name":"(anonymous_1)","decl":{"start":{"line":10,"column":2},"end":{"line":10,"column":7}},"loc":{"start":{"line":10,"column":31},"end":{"line":13,"column":3}}},"2":{"name":"(anonymous_2)","decl":{"start":{"line":15,"column":2},"end":{"line":15,"column":7}},"loc":{"start":{"line":15,"column":26},"end":{"line":18,"column":3}}},"3":{"name":"(anonymous_3)","decl":{"start":{"line":20,"column":2},"end":{"line":20,"column":7}},"loc":{"start":{"line":20,"column":22},"end":{"line":23,"column":3}}},"4":{"name":"(anonymous_4)","decl":{"start":{"line":25,"column":2},"end":{"line":25,"column":7}},"loc":{"start":{"line":25,"column":34},"end":{"line":30,"column":3}}},"5":{"name":"(anonymous_5)","decl":{"start":{"line":32,"column":2},"end":{"line":32,"column":7}},"loc":{"start":{"line":32,"column":25},"end":{"line":39,"column":3}}}},"branchMap":{"0":{"loc":{"start":{"line":10,"column":29},"end":{"line":10,"column":31}},"type":"default-arg","locations":[{"start":{"line":10,"column":29},"end":{"line":10,"column":31}}]}},"s":{"0":5,"1":0,"2":0,"3":0,"4":0,"5":0,"6":0,"7":0,"8":0,"9":0,"10":0,"11":3},"f":{"0":5,"1":0,"2":0,"3":0,"4":0,"5":0},"b":{"0":[0]}}
,"D:\\Sergio\\repositorios\\nodejsgrupo2\\Clases\\Clase06\\src\\repositories\\index.ts": {"path":"D:\\Sergio\\repositorios\\nodejsgrupo2\\Clases\\Clase06\\src\\repositories\\index.ts","statementMap":{"0":{"start":{"line":1,"column":0},"end":{"line":1,"column":9}},"1":{"start":{"line":1,"column":9},"end":{"line":1,"column":37}},"2":{"start":{"line":2,"column":0},"end":{"line":2,"column":9}},"3":{"start":{"line":2,"column":9},"end":{"line":2,"column":34}},"4":{"start":{"line":3,"column":0},"end":{"line":3,"column":9}},"5":{"start":{"line":3,"column":9},"end":{"line":3,"column":34}}},"fnMap":{"0":{"name":"(anonymous_1)","decl":{"start":{"line":1,"column":9},"end":{"line":1,"column":16}},"loc":{"start":{"line":1,"column":9},"end":{"line":1,"column":37}}},"1":{"name":"(anonymous_2)","decl":{"start":{"line":2,"column":9},"end":{"line":2,"column":16}},"loc":{"start":{"line":2,"column":9},"end":{"line":2,"column":34}}},"2":{"name":"(anonymous_3)","decl":{"start":{"line":3,"column":9},"end":{"line":3,"column":16}},"loc":{"start":{"line":3,"column":9},"end":{"line":3,"column":34}}}},"branchMap":{},"s":{"0":3,"1":9,"2":3,"3":11,"4":3,"5":6},"f":{"0":6,"1":8,"2":3},"b":{}}
,"D:\\Sergio\\repositorios\\nodejsgrupo2\\Clases\\Clase06\\src\\repositories\\role.repository.ts": {"path":"D:\\Sergio\\repositorios\\nodejsgrupo2\\Clases\\Clase06\\src\\repositories\\role.repository.ts","statementMap":{"0":{"start":{"line":2,"column":0},"end":{"line":2,"column":33}},"1":{"start":{"line":3,"column":0},"end":{"line":3,"column":38}},"2":{"start":{"line":11,"column":4},"end":{"line":11,"column":16}},"3":{"start":{"line":6,"column":0},"end":{"line":6,"column":21}}},"fnMap":{"0":{"name":"(anonymous_0)","decl":{"start":{"line":10,"column":2},"end":{"line":10,"column":null}},"loc":{"start":{"line":10,"column":2},"end":{"line":12,"column":3}}}},"branchMap":{},"s":{"0":3,"1":3,"2":1,"3":3},"f":{"0":1},"b":{}}
,"D:\\Sergio\\repositorios\\nodejsgrupo2\\Clases\\Clase06\\src\\repositories\\user.repository.ts": {"path":"D:\\Sergio\\repositorios\\nodejsgrupo2\\Clases\\Clase06\\src\\repositories\\user.repository.ts","statementMap":{"0":{"start":{"line":2,"column":0},"end":{"line":2,"column":33}},"1":{"start":{"line":3,"column":0},"end":{"line":3,"column":38}},"2":{"start":{"line":11,"column":4},"end":{"line":11,"column":16}},"3":{"start":{"line":15,"column":34},"end":{"line":15,"column":69}},"4":{"start":{"line":16,"column":4},"end":{"line":16,"column":17}},"5":{"start":{"line":20,"column":31},"end":{"line":20,"column":78}},"6":{"start":{"line":21,"column":4},"end":{"line":21,"column":16}},"7":{"start":{"line":6,"column":0},"end":{"line":6,"column":21}}},"fnMap":{"0":{"name":"(anonymous_0)","decl":{"start":{"line":10,"column":2},"end":{"line":10,"column":null}},"loc":{"start":{"line":10,"column":2},"end":{"line":12,"column":3}}},"1":{"name":"(anonymous_1)","decl":{"start":{"line":14,"column":2},"end":{"line":14,"column":7}},"loc":{"start":{"line":14,"column":14},"end":{"line":17,"column":3}}},"2":{"name":"(anonymous_2)","decl":{"start":{"line":19,"column":2},"end":{"line":19,"column":7}},"loc":{"start":{"line":19,"column":36},"end":{"line":22,"column":3}}}},"branchMap":{},"s":{"0":3,"1":3,"2":4,"3":2,"4":2,"5":1,"6":1,"7":3},"f":{"0":4,"1":2,"2":1},"b":{}}
,"D:\\Sergio\\repositorios\\nodejsgrupo2\\Clases\\Clase06\\src\\utils\\attach-routes.util.ts": {"path":"D:\\Sergio\\repositorios\\nodejsgrupo2\\Clases\\Clase06\\src\\utils\\attach-routes.util.ts","statementMap":{"0":{"start":{"line":2,"column":0},"end":{"line":2,"column":36}},"1":{"start":{"line":5,"column":33},"end":{"line":13,"column":1}},"2":{"start":{"line":6,"column":39},"end":{"line":6,"column":41}},"3":{"start":{"line":8,"column":2},"end":{"line":10,"column":5}},"4":{"start":{"line":9,"column":4},"end":{"line":9,"column":49}},"5":{"start":{"line":12,"column":2},"end":{"line":12,"column":31}},"6":{"start":{"line":16,"column":16},"end":{"line":47,"column":1}},"7":{"start":{"line":17,"column":2},"end":{"line":46,"column":5}},"8":{"start":{"line":18,"column":45},"end":{"line":19,"column":null}},"9":{"start":{"line":24,"column":21},"end":{"line":24,"column":71}},"10":{"start":{"line":25,"column":19},"end":{"line":25,"column":66}},"11":{"start":{"line":26,"column":24},"end":{"line":26,"column":76}},"12":{"start":{"line":28,"column":38},"end":{"line":30,"column":null}},"13":{"start":{"line":33,"column":4},"end":{"line":45,"column":7}},"14":{"start":{"line":34,"column":6},"end":{"line":34,"column":76}},"15":{"start":{"line":35,"column":6},"end":{"line":44,"column":8}},"16":{"start":{"line":41,"column":12},"end":{"line":41,"column":56}},"17":{"start":{"line":49,"column":0},"end":{"line":49,"column":23}}},"fnMap":{"0":{"name":"(anonymous_0)","decl":{"start":{"line":5,"column":33},"end":{"line":5,"column":34}},"loc":{"start":{"line":5,"column":64},"end":{"line":13,"column":1}}},"1":{"name":"(anonymous_1)","decl":{"start":{"line":8,"column":23},"end":{"line":8,"column":24}},"loc":{"start":{"line":8,"column":38},"end":{"line":10,"column":3}}},"2":{"name":"(anonymous_2)","decl":{"start":{"line":16,"column":16},"end":{"line":16,"column":17}},"loc":{"start":{"line":16,"column":57},"end":{"line":47,"column":1}}},"3":{"name":"(anonymous_3)","decl":{"start":{"line":17,"column":22},"end":{"line":17,"column":23}},"loc":{"start":{"line":17,"column":37},"end":{"line":46,"column":3}}},"4":{"name":"(anonymous_4)","decl":{"start":{"line":33,"column":19},"end":{"line":33,"column":20}},"loc":{"start":{"line":33,"column":46},"end":{"line":45,"column":5}}},"5":{"name":"(anonymous_5)","decl":{"start":{"line":40,"column":10},"end":{"line":40,"column":11}},"loc":{"start":{"line":40,"column":76},"end":{"line":42,"column":11}}}},"branchMap":{},"s":{"0":2,"1":2,"2":3,"3":3,"4":3,"5":3,"6":2,"7":1,"8":3,"9":3,"10":3,"11":3,"12":3,"13":3,"14":11,"15":11,"16":1,"17":2},"f":{"0":3,"1":3,"2":1,"3":3,"4":11,"5":1},"b":{}}
,"D:\\Sergio\\repositorios\\nodejsgrupo2\\Clases\\Clase06\\src\\utils\\errors.util.ts": {"path":"D:\\Sergio\\repositorios\\nodejsgrupo2\\Clases\\Clase06\\src\\utils\\errors.util.ts","statementMap":{"0":{"start":{"line":2,"column":0},"end":{"line":2,"column":30}},"1":{"start":{"line":9,"column":4},"end":{"line":19,"column":6}},"2":{"start":{"line":10,"column":6},"end":{"line":18,"column":9}},"3":{"start":{"line":11,"column":8},"end":{"line":17,"column":null}},"4":{"start":{"line":12,"column":10},"end":{"line":12,"column":50}},"5":{"start":{"line":14,"column":30},"end":{"line":14,"column":46}},"6":{"start":{"line":15,"column":10},"end":{"line":15,"column":27}},"7":{"start":{"line":16,"column":10},"end":{"line":16,"column":46}},"8":{"start":{"line":5,"column":0},"end":{"line":5,"column":null}}},"fnMap":{"0":{"name":"(anonymous_0)","decl":{"start":{"line":6,"column":2},"end":{"line":6,"column":8}},"loc":{"start":{"line":7,"column":74},"end":{"line":20,"column":3}}},"1":{"name":"(anonymous_1)","decl":{"start":{"line":9,"column":11},"end":{"line":9,"column":12}},"loc":{"start":{"line":9,"column":63},"end":{"line":19,"column":5}}},"2":{"name":"(anonymous_2)","decl":{"start":{"line":10,"column":39},"end":{"line":10,"column":40}},"loc":{"start":{"line":10,"column":49},"end":{"line":18,"column":7}}}},"branchMap":{"0":{"loc":{"start":{"line":11,"column":8},"end":{"line":17,"column":null}},"type":"if","locations":[{"start":{"line":11,"column":8},"end":{"line":17,"column":null}},{"start":{"line":11,"column":8},"end":{"line":17,"column":null}}]}},"s":{"0":2,"1":11,"2":1,"3":0,"4":0,"5":0,"6":0,"7":0,"8":2},"f":{"0":11,"1":1,"2":0},"b":{"0":[0,0]}}
,"D:\\Sergio\\repositorios\\nodejsgrupo2\\Clases\\Clase06\\src\\utils\\index.ts": {"path":"D:\\Sergio\\repositorios\\nodejsgrupo2\\Clases\\Clase06\\src\\utils\\index.ts","statementMap":{"0":{"start":{"line":1,"column":0},"end":{"line":1,"column":9}},"1":{"start":{"line":1,"column":9},"end":{"line":1,"column":27}},"2":{"start":{"line":2,"column":0},"end":{"line":2,"column":9}},"3":{"start":{"line":2,"column":9},"end":{"line":2,"column":29}},"4":{"start":{"line":3,"column":0},"end":{"line":3,"column":9}},"5":{"start":{"line":3,"column":9},"end":{"line":3,"column":25}},"6":{"start":{"line":4,"column":0},"end":{"line":4,"column":9}},"7":{"start":{"line":4,"column":9},"end":{"line":4,"column":32}},"8":{"start":{"line":5,"column":0},"end":{"line":5,"column":9}},"9":{"start":{"line":5,"column":9},"end":{"line":5,"column":26}}},"fnMap":{"0":{"name":"(anonymous_1)","decl":{"start":{"line":1,"column":9},"end":{"line":1,"column":16}},"loc":{"start":{"line":1,"column":9},"end":{"line":1,"column":27}}},"1":{"name":"(anonymous_2)","decl":{"start":{"line":2,"column":9},"end":{"line":2,"column":16}},"loc":{"start":{"line":2,"column":9},"end":{"line":2,"column":29}}},"2":{"name":"(anonymous_3)","decl":{"start":{"line":3,"column":9},"end":{"line":3,"column":16}},"loc":{"start":{"line":3,"column":9},"end":{"line":3,"column":25}}},"3":{"name":"(anonymous_4)","decl":{"start":{"line":4,"column":9},"end":{"line":4,"column":16}},"loc":{"start":{"line":4,"column":9},"end":{"line":4,"column":32}}},"4":{"name":"(anonymous_5)","decl":{"start":{"line":5,"column":9},"end":{"line":5,"column":16}},"loc":{"start":{"line":5,"column":9},"end":{"line":5,"column":26}}}},"branchMap":{},"s":{"0":2,"1":14,"2":2,"3":6,"4":2,"5":4,"6":2,"7":3,"8":2,"9":13},"f":{"0":12,"1":4,"2":2,"3":1,"4":11},"b":{}}
,"D:\\Sergio\\repositorios\\nodejsgrupo2\\Clases\\Clase06\\src\\utils\\message.util.ts": {"path":"D:\\Sergio\\repositorios\\nodejsgrupo2\\Clases\\Clase06\\src\\utils\\message.util.ts","statementMap":{"0":{"start":{"line":3,"column":4},"end":{"line":13,"column":null}},"1":{"start":{"line":4,"column":6},"end":{"line":12,"column":null}},"2":{"start":{"line":5,"column":8},"end":{"line":5,"column":46}},"3":{"start":{"line":8,"column":13},"end":{"line":12,"column":null}},"4":{"start":{"line":9,"column":8},"end":{"line":9,"column":43}},"5":{"start":{"line":11,"column":8},"end":{"line":11,"column":59}},"6":{"start":{"line":1,"column":0},"end":{"line":1,"column":null}}},"fnMap":{"0":{"name":"(anonymous_0)","decl":{"start":{"line":2,"column":2},"end":{"line":2,"column":8}},"loc":{"start":{"line":2,"column":48},"end":{"line":14,"column":3}}}},"branchMap":{"0":{"loc":{"start":{"line":3,"column":4},"end":{"line":13,"column":null}},"type":"if","locations":[{"start":{"line":3,"column":4},"end":{"line":13,"column":null}},{"start":{"line":3,"column":4},"end":{"line":13,"column":null}}]},"1":{"loc":{"start":{"line":4,"column":6},"end":{"line":12,"column":null}},"type":"if","locations":[{"start":{"line":4,"column":6},"end":{"line":12,"column":null}},{"start":{"line":4,"column":6},"end":{"line":12,"column":null}}]},"2":{"loc":{"start":{"line":8,"column":13},"end":{"line":12,"column":null}},"type":"if","locations":[{"start":{"line":8,"column":13},"end":{"line":12,"column":null}},{"start":{"line":8,"column":13},"end":{"line":12,"column":null}}]}},"s":{"0":12,"1":0,"2":0,"3":0,"4":0,"5":0,"6":2},"f":{"0":12},"b":{"0":[0,12],"1":[0,0],"2":[0,0]}}
,"D:\\Sergio\\repositorios\\nodejsgrupo2\\Clases\\Clase06\\src\\utils\\responses.util.ts": {"path":"D:\\Sergio\\repositorios\\nodejsgrupo2\\Clases\\Clase06\\src\\utils\\responses.util.ts","statementMap":{"0":{"start":{"line":6,"column":4},"end":{"line":9,"column":7}},"1":{"start":{"line":13,"column":4},"end":{"line":16,"column":7}},"2":{"start":{"line":23,"column":4},"end":{"line":26,"column":7}},"3":{"start":{"line":30,"column":4},"end":{"line":33,"column":7}},"4":{"start":{"line":37,"column":4},"end":{"line":40,"column":7}},"5":{"start":{"line":44,"column":27},"end":{"line":47,"column":6}},"6":{"start":{"line":49,"column":4},"end":{"line":51,"column":null}},"7":{"start":{"line":50,"column":6},"end":{"line":50,"column":34}},"8":{"start":{"line":53,"column":4},"end":{"line":53,"column":43}},"9":{"start":{"line":57,"column":22},"end":{"line":57,"column":47}},"10":{"start":{"line":58,"column":4},"end":{"line":60,"column":null}},"11":{"start":{"line":59,"column":6},"end":{"line":59,"column":33}},"12":{"start":{"line":61,"column":4},"end":{"line":61,"column":53}},"13":{"start":{"line":4,"column":0},"end":{"line":4,"column":null}}},"fnMap":{"0":{"name":"(anonymous_0)","decl":{"start":{"line":5,"column":2},"end":{"line":5,"column":8}},"loc":{"start":{"line":5,"column":50},"end":{"line":10,"column":3}}},"1":{"name":"(anonymous_1)","decl":{"start":{"line":12,"column":2},"end":{"line":12,"column":8}},"loc":{"start":{"line":12,"column":66},"end":{"line":17,"column":3}}},"2":{"name":"(anonymous_2)","decl":{"start":{"line":19,"column":2},"end":{"line":19,"column":8}},"loc":{"start":{"line":21,"column":49},"end":{"line":27,"column":3}}},"3":{"name":"(anonymous_3)","decl":{"start":{"line":29,"column":2},"end":{"line":29,"column":8}},"loc":{"start":{"line":29,"column":76},"end":{"line":34,"column":3}}},"4":{"name":"(anonymous_4)","decl":{"start":{"line":36,"column":2},"end":{"line":36,"column":8}},"loc":{"start":{"line":36,"column":57},"end":{"line":41,"column":3}}},"5":{"name":"(anonymous_5)","decl":{"start":{"line":43,"column":2},"end":{"line":43,"column":8}},"loc":{"start":{"line":43,"column":51},"end":{"line":54,"column":3}}},"6":{"name":"(anonymous_6)","decl":{"start":{"line":56,"column":2},"end":{"line":56,"column":8}},"loc":{"start":{"line":56,"column":55},"end":{"line":62,"column":3}}}},"branchMap":{"0":{"loc":{"start":{"line":12,"column":55},"end":{"line":12,"column":66}},"type":"default-arg","locations":[{"start":{"line":12,"column":55},"end":{"line":12,"column":66}}]},"1":{"loc":{"start":{"line":21,"column":22},"end":{"line":21,"column":49}},"type":"default-arg","locations":[{"start":{"line":21,"column":22},"end":{"line":21,"column":49}}]},"2":{"loc":{"start":{"line":29,"column":60},"end":{"line":29,"column":76}},"type":"default-arg","locations":[{"start":{"line":29,"column":60},"end":{"line":29,"column":76}}]},"3":{"loc":{"start":{"line":49,"column":4},"end":{"line":51,"column":null}},"type":"if","locations":[{"start":{"line":49,"column":4},"end":{"line":51,"column":null}},{"start":{"line":49,"column":4},"end":{"line":51,"column":null}}]},"4":{"loc":{"start":{"line":58,"column":4},"end":{"line":60,"column":null}},"type":"if","locations":[{"start":{"line":58,"column":4},"end":{"line":60,"column":null}},{"start":{"line":58,"column":4},"end":{"line":60,"column":null}}]}},"s":{"0":2,"1":0,"2":1,"3":1,"4":0,"5":0,"6":0,"7":0,"8":0,"9":0,"10":0,"11":0,"12":0,"13":2},"f":{"0":2,"1":0,"2":1,"3":1,"4":0,"5":0,"6":0},"b":{"0":[0],"1":[1],"2":[1],"3":[0,0],"4":[0,0]}}
,"D:\\Sergio\\repositorios\\nodejsgrupo2\\Clases\\Clase06\\src\\utils\\token.util.ts": {"path":"D:\\Sergio\\repositorios\\nodejsgrupo2\\Clases\\Clase06\\src\\utils\\token.util.ts","statementMap":{"0":{"start":{"line":1,"column":0},"end":{"line":1,"column":40}},"1":{"start":{"line":3,"column":0},"end":{"line":3,"column":28}},"2":{"start":{"line":4,"column":0},"end":{"line":4,"column":29}},"3":{"start":{"line":5,"column":0},"end":{"line":5,"column":44}},"4":{"start":{"line":9,"column":25},"end":{"line":9,"column":43}},"5":{"start":{"line":10,"column":4},"end":{"line":10,"column":24}},"6":{"start":{"line":14,"column":20},"end":{"line":19,"column":6}},"7":{"start":{"line":21,"column":24},"end":{"line":21,"column":56}},"8":{"start":{"line":23,"column":4},"end":{"line":23,"column":23}},"9":{"start":{"line":27,"column":20},"end":{"line":44,"column":6}},"10":{"start":{"line":28,"column":6},"end":{"line":43,"column":null}},"11":{"start":{"line":29,"column":24},"end":{"line":29,"column":60}},"12":{"start":{"line":30,"column":8},"end":{"line":30,"column":25}},"13":{"start":{"line":32,"column":8},"end":{"line":42,"column":null}},"14":{"start":{"line":33,"column":10},"end":{"line":36,"column":13}},"15":{"start":{"line":38,"column":10},"end":{"line":41,"column":13}},"16":{"start":{"line":46,"column":4},"end":{"line":46,"column":18}},"17":{"start":{"line":48,"column":4},"end":{"line":48,"column":19}},"18":{"start":{"line":7,"column":0},"end":{"line":7,"column":null}}},"fnMap":{"0":{"name":"(anonymous_7)","decl":{"start":{"line":8,"column":2},"end":{"line":8,"column":8}},"loc":{"start":{"line":8,"column":24},"end":{"line":11,"column":3}}},"1":{"name":"(anonymous_8)","decl":{"start":{"line":13,"column":2},"end":{"line":13,"column":8}},"loc":{"start":{"line":13,"column":42},"end":{"line":24,"column":3}}},"2":{"name":"(anonymous_9)","decl":{"start":{"line":26,"column":2},"end":{"line":26,"column":8}},"loc":{"start":{"line":26,"column":54},"end":{"line":49,"column":3}}},"3":{"name":"(anonymous_10)","decl":{"start":{"line":27,"column":32},"end":{"line":27,"column":33}},"loc":{"start":{"line":27,"column":52},"end":{"line":44,"column":5}}}},"branchMap":{"0":{"loc":{"start":{"line":32,"column":8},"end":{"line":42,"column":null}},"type":"if","locations":[{"start":{"line":32,"column":8},"end":{"line":42,"column":null}},{"start":{"line":32,"column":8},"end":{"line":42,"column":null}}]}},"s":{"0":2,"1":2,"2":2,"3":2,"4":0,"5":0,"6":0,"7":0,"8":0,"9":2,"10":2,"11":2,"12":1,"13":1,"14":0,"15":1,"16":2,"17":1,"18":2},"f":{"0":0,"1":0,"2":2,"3":2},"b":{"0":[0,1]}}
,"D:\\Sergio\\repositorios\\nodejsgrupo2\\Clases\\Clase06\\src\\validators\\index.ts": {"path":"D:\\Sergio\\repositorios\\nodejsgrupo2\\Clases\\Clase06\\src\\validators\\index.ts","statementMap":{"0":{"start":{"line":1,"column":0},"end":{"line":1,"column":9}},"1":{"start":{"line":1,"column":9},"end":{"line":1,"column":35}},"2":{"start":{"line":2,"column":0},"end":{"line":2,"column":9}},"3":{"start":{"line":2,"column":9},"end":{"line":2,"column":31}}},"fnMap":{"0":{"name":"(anonymous_1)","decl":{"start":{"line":1,"column":9},"end":{"line":1,"column":16}},"loc":{"start":{"line":1,"column":9},"end":{"line":1,"column":35}}},"1":{"name":"(anonymous_2)","decl":{"start":{"line":2,"column":9},"end":{"line":2,"column":16}},"loc":{"start":{"line":2,"column":9},"end":{"line":2,"column":31}}}},"branchMap":{},"s":{"0":2,"1":4,"2":2,"3":4},"f":{"0":2,"1":2},"b":{}}
,"D:\\Sergio\\repositorios\\nodejsgrupo2\\Clases\\Clase06\\src\\validators\\schema.validator.ts": {"path":"D:\\Sergio\\repositorios\\nodejsgrupo2\\Clases\\Clase06\\src\\validators\\schema.validator.ts","statementMap":{"0":{"start":{"line":2,"column":0},"end":{"line":2,"column":37}},"1":{"start":{"line":5,"column":4},"end":{"line":39,"column":6}},"2":{"start":{"line":10,"column":40},"end":{"line":10,"column":78}},"3":{"start":{"line":12,"column":51},"end":{"line":12,"column":53}},"4":{"start":{"line":14,"column":6},"end":{"line":20,"column":8}},"5":{"start":{"line":16,"column":10},"end":{"line":18,"column":null}},"6":{"start":{"line":17,"column":12},"end":{"line":17,"column":77}},"7":{"start":{"line":22,"column":6},"end":{"line":38,"column":11}},"8":{"start":{"line":24,"column":35},"end":{"line":24,"column":40}},"9":{"start":{"line":25,"column":10},"end":{"line":30,"column":13}},"10":{"start":{"line":26,"column":12},"end":{"line":29,"column":null}},"11":{"start":{"line":27,"column":14},"end":{"line":27,"column":40}},"12":{"start":{"line":28,"column":14},"end":{"line":28,"column":63}},"13":{"start":{"line":32,"column":10},"end":{"line":34,"column":null}},"14":{"start":{"line":33,"column":12},"end":{"line":33,"column":19}},"15":{"start":{"line":37,"column":10},"end":{"line":37,"column":50}},"16":{"start":{"line":3,"column":0},"end":{"line":3,"column":null}}},"fnMap":{"0":{"name":"(anonymous_0)","decl":{"start":{"line":4,"column":2},"end":{"line":4,"column":8}},"loc":{"start":{"line":4,"column":39},"end":{"line":40,"column":3}}},"1":{"name":"(anonymous_1)","decl":{"start":{"line":5,"column":11},"end":{"line":5,"column":16}},"loc":{"start":{"line":9,"column":22},"end":{"line":39,"column":5}}},"2":{"name":"(anonymous_2)","decl":{"start":{"line":15,"column":8},"end":{"line":15,"column":9}},"loc":{"start":{"line":15,"column":58},"end":{"line":19,"column":9}}},"3":{"name":"(anonymous_3)","decl":{"start":{"line":23,"column":14},"end":{"line":23,"column":15}},"loc":{"start":{"line":23,"column":26},"end":{"line":35,"column":9}}},"4":{"name":"(anonymous_4)","decl":{"start":{"line":25,"column":26},"end":{"line":25,"column":27}},"loc":{"start":{"line":25,"column":37},"end":{"line":30,"column":11}}},"5":{"name":"(anonymous_5)","decl":{"start":{"line":36,"column":15},"end":{"line":36,"column":16}},"loc":{"start":{"line":36,"column":23},"end":{"line":38,"column":9}}}},"branchMap":{"0":{"loc":{"start":{"line":16,"column":10},"end":{"line":18,"column":null}},"type":"if","locations":[{"start":{"line":16,"column":10},"end":{"line":18,"column":null}},{"start":{"line":16,"column":10},"end":{"line":18,"column":null}}]},"1":{"loc":{"start":{"line":26,"column":12},"end":{"line":29,"column":null}},"type":"if","locations":[{"start":{"line":26,"column":12},"end":{"line":29,"column":null}},{"start":{"line":26,"column":12},"end":{"line":29,"column":null}}]},"2":{"loc":{"start":{"line":26,"column":16},"end":{"line":26,"column":46}},"type":"binary-expr","locations":[{"start":{"line":26,"column":16},"end":{"line":26,"column":46}},{"start":{"line":26,"column":50},"end":{"line":26,"column":69}}]},"3":{"loc":{"start":{"line":32,"column":10},"end":{"line":34,"column":null}},"type":"if","locations":[{"start":{"line":32,"column":10},"end":{"line":34,"column":null}},{"start":{"line":32,"column":10},"end":{"line":34,"column":null}}]}},"s":{"0":2,"1":2,"2":0,"3":0,"4":0,"5":0,"6":0,"7":0,"8":0,"9":0,"10":0,"11":0,"12":0,"13":0,"14":0,"15":0,"16":2},"f":{"0":2,"1":0,"2":0,"3":0,"4":0,"5":0},"b":{"0":[0,0],"1":[0,0],"2":[0,0],"3":[0,0]}}
,"D:\\Sergio\\repositorios\\nodejsgrupo2\\Clases\\Clase06\\src\\validators\\user.validator.ts": {"path":"D:\\Sergio\\repositorios\\nodejsgrupo2\\Clases\\Clase06\\src\\validators\\user.validator.ts","statementMap":{"0":{"start":{"line":1,"column":0},"end":{"line":1,"column":28}},"1":{"start":{"line":4,"column":16},"end":{"line":13,"column":2}},"2":{"start":{"line":15,"column":0},"end":{"line":15,"column":23}}},"fnMap":{},"branchMap":{},"s":{"0":2,"1":2,"2":2},"f":{},"b":{}}
}
