TN:
SF:src\app.ts
FN:20,(anonymous_1)
FNF:1
FNH:0
FNDA:0,(anonymous_1)
DA:1,1
DA:2,1
DA:4,1
DA:5,1
DA:7,1
DA:9,1
DA:10,1
DA:12,1
DA:18,1
DA:20,1
DA:21,0
DA:24,1
LF:12
LH:11
BRF:0
BRH:0
end_of_record
TN:
SF:src\server.ts
FN:6,(anonymous_1)
FNF:1
FNH:0
FNDA:0,(anonymous_1)
DA:1,0
DA:2,0
DA:3,0
DA:4,0
DA:6,0
DA:7,0
DA:8,0
DA:9,0
DA:10,0
DA:11,0
DA:13,0
DA:17,0
LF:12
LH:0
BRF:0
BRH:0
end_of_record
TN:
SF:src\bootstrap\database.bootstrap.ts
FN:9,(anonymous_1)
FN:10,(anonymous_2)
FN:21,(anonymous_3)
FN:36,(anonymous_4)
FNF:4
FNH:4
FNDA:1,(anonymous_1)
FNDA:1,(anonymous_2)
FNDA:1,(anonymous_3)
FNDA:1,(anonymous_4)
DA:2,1
DA:3,1
DA:4,1
DA:6,1
DA:8,1
DA:10,1
DA:11,1
DA:13,1
DA:21,1
DA:22,1
DA:23,0
DA:25,1
DA:26,1
DA:30,1
DA:33,1
DA:37,1
LF:16
LH:15
BRDA:22,0,0,0
BRDA:22,0,1,1
BRF:2
BRH:1
end_of_record
TN:
SF:src\bootstrap\index.ts
FN:1,(anonymous_1)
FN:2,(anonymous_2)
FNF:2
FNH:1
FNDA:0,(anonymous_1)
FNDA:1,(anonymous_2)
DA:1,1
DA:2,2
LF:2
LH:2
BRF:0
BRH:0
end_of_record
TN:
SF:src\bootstrap\server.bootstrap.ts
FN:32,(anonymous_1)
FN:36,(anonymous_2)
FN:37,(anonymous_3)
FN:42,(anonymous_4)
FN:49,(anonymous_5)
FNF:5
FNH:0
FNDA:0,(anonymous_1)
FNDA:0,(anonymous_2)
FNDA:0,(anonymous_3)
FNDA:0,(anonymous_4)
FNDA:0,(anonymous_5)
DA:2,1
DA:3,1
DA:4,1
DA:5,1
DA:8,1
DA:29,1
DA:33,0
DA:37,0
DA:38,0
DA:40,0
DA:44,0
DA:47,0
DA:50,0
DA:54,0
LF:14
LH:6
BRF:0
BRH:0
end_of_record
TN:
SF:src\controllers\auth.controller.ts
FN:13,(anonymous_3)
FN:18,(anonymous_4)
FNF:2
FNH:1
FNDA:1,(anonymous_3)
FNDA:0,(anonymous_4)
DA:2,2
DA:3,2
DA:4,2
DA:6,2
DA:10,4
DA:14,1
DA:18,2
DA:19,0
DA:20,0
DA:22,0
DA:24,0
DA:25,0
DA:26,0
DA:27,0
DA:28,0
DA:30,0
DA:32,0
DA:35,0
LF:18
LH:7
BRDA:24,0,0,0
BRDA:24,0,1,0
BRDA:26,1,0,0
BRDA:26,1,1,0
BRF:4
BRH:0
end_of_record
TN:
SF:src\controllers\index.ts
FN:1,(anonymous_1)
FN:2,(anonymous_2)
FN:3,(anonymous_3)
FNF:3
FNH:3
FNDA:2,(anonymous_1)
FNDA:1,(anonymous_2)
FNDA:1,(anonymous_3)
DA:1,4
DA:2,3
DA:3,3
LF:3
LH:3
BRF:0
BRH:0
end_of_record
TN:
SF:src\controllers\role.controller.ts
FN:16,(anonymous_2)
FN:21,(anonymous_3)
FN:32,(anonymous_4)
FN:38,(anonymous_5)
FN:45,(anonymous_6)
FN:56,(anonymous_7)
FNF:6
FNH:1
FNDA:1,(anonymous_2)
FNDA:0,(anonymous_3)
FNDA:0,(anonymous_4)
FNDA:0,(anonymous_5)
FNDA:0,(anonymous_6)
FNDA:0,(anonymous_7)
DA:1,2
DA:4,2
DA:5,2
DA:6,2
DA:7,2
DA:13,4
DA:17,1
DA:21,2
DA:22,0
DA:24,0
DA:25,0
DA:28,0
DA:32,2
DA:33,0
DA:34,0
DA:38,2
DA:39,0
DA:40,0
DA:41,0
DA:45,2
DA:46,0
DA:47,0
DA:48,0
DA:52,0
DA:56,2
DA:57,0
DA:58,0
DA:59,0
LF:28
LH:12
BRDA:24,0,0,0
BRDA:24,0,1,0
BRDA:24,1,0,0
BRDA:24,1,1,0
BRF:4
BRH:0
end_of_record
TN:
SF:src\controllers\user.controller.ts
FN:18,(anonymous_3)
FN:23,(anonymous_4)
FN:34,(anonymous_5)
FN:40,(anonymous_6)
FN:50,(anonymous_7)
FN:61,(anonymous_8)
FNF:6
FNH:2
FNDA:2,(anonymous_3)
FNDA:2,(anonymous_4)
FNDA:0,(anonymous_5)
FNDA:0,(anonymous_6)
FNDA:0,(anonymous_7)
FNDA:0,(anonymous_8)
DA:1,2
DA:4,2
DA:5,2
DA:6,2
DA:7,2
DA:8,2
DA:9,2
DA:15,4
DA:19,2
DA:23,2
DA:24,2
DA:26,2
DA:27,2
DA:30,0
DA:34,2
DA:35,0
DA:36,0
DA:40,2
DA:41,0
DA:42,0
DA:43,0
DA:45,0
DA:46,0
DA:50,2
DA:51,0
DA:52,0
DA:53,0
DA:57,0
DA:61,2
DA:62,0
DA:63,0
DA:64,0
LF:32
LH:17
BRDA:26,0,0,2
BRDA:26,0,1,0
BRDA:26,1,0,2
BRDA:26,1,1,2
BRF:4
BRH:3
end_of_record
TN:
SF:src\decorators\controller.decorator.ts
FN:1,(anonymous_0)
FN:2,(anonymous_1)
FNF:2
FNH:2
FNDA:6,(anonymous_0)
FNDA:6,(anonymous_1)
DA:1,2
DA:2,6
DA:3,6
DA:4,6
DA:6,6
DA:7,0
DA:12,2
LF:7
LH:6
BRDA:1,0,0,0
BRDA:1,1,0,2
BRDA:6,2,0,0
BRDA:6,2,1,6
BRF:4
BRH:2
end_of_record
TN:
SF:src\decorators\delete.decorator.ts
FN:3,(anonymous_0)
FN:4,(anonymous_1)
FNF:2
FNH:2
FNDA:4,(anonymous_0)
FNDA:4,(anonymous_1)
DA:3,2
DA:4,4
DA:5,4
DA:6,0
DA:9,4
DA:14,4
DA:21,4
DA:25,2
LF:8
LH:7
BRDA:3,0,0,4
BRDA:5,1,0,0
BRDA:5,1,1,4
BRF:3
BRH:2
end_of_record
TN:
SF:src\decorators\get.decorator.ts
FN:3,(anonymous_0)
FN:4,(anonymous_1)
FNF:2
FNH:2
FNDA:8,(anonymous_0)
FNDA:8,(anonymous_1)
DA:3,2
DA:4,8
DA:5,8
DA:6,4
DA:9,8
DA:14,8
DA:21,8
DA:25,2
LF:8
LH:8
BRDA:3,0,0,8
BRDA:5,1,0,4
BRDA:5,1,1,4
BRF:3
BRH:3
end_of_record
TN:
SF:src\decorators\index.ts
FN:1,(anonymous_1)
FN:2,(anonymous_2)
FN:3,(anonymous_3)
FN:4,(anonymous_4)
FN:5,(anonymous_5)
FNF:5
FNH:5
FNDA:6,(anonymous_1)
FNDA:6,(anonymous_2)
FNDA:8,(anonymous_3)
FNDA:4,(anonymous_4)
FNDA:4,(anonymous_5)
DA:1,8
DA:2,8
DA:3,10
DA:4,6
DA:5,6
LF:5
LH:5
BRF:0
BRH:0
end_of_record
TN:
SF:src\decorators\post.decorator.ts
FN:3,(anonymous_0)
FN:4,(anonymous_1)
FNF:2
FNH:2
FNDA:6,(anonymous_0)
FNDA:6,(anonymous_1)
DA:3,2
DA:4,6
DA:5,6
DA:6,2
DA:9,6
DA:14,6
DA:21,6
DA:25,2
LF:8
LH:8
BRDA:3,0,0,4
BRDA:5,1,0,2
BRDA:5,1,1,4
BRF:3
BRH:3
end_of_record
TN:
SF:src\decorators\put.decorator.ts
FN:3,(anonymous_0)
FN:4,(anonymous_1)
FNF:2
FNH:2
FNDA:4,(anonymous_0)
FNDA:4,(anonymous_1)
DA:3,2
DA:4,4
DA:5,4
DA:6,0
DA:9,4
DA:14,4
DA:21,4
DA:25,2
LF:8
LH:7
BRDA:3,0,0,4
BRDA:5,1,0,0
BRDA:5,1,1,4
BRF:3
BRH:2
end_of_record
TN:
SF:src\dto\index.ts
FN:1,(anonymous_1)
FN:2,(anonymous_2)
FN:3,(anonymous_3)
FNF:3
FNH:2
FNDA:4,(anonymous_1)
FNDA:2,(anonymous_2)
FNDA:0,(anonymous_3)
DA:1,6
DA:2,4
DA:3,2
LF:3
LH:3
BRF:0
BRH:0
end_of_record
TN:
SF:src\dto\role-general.dto.ts
FN:6,(anonymous_0)
FN:12,(anonymous_1)
FNF:2
FNH:2
FNDA:4,(anonymous_0)
FNDA:4,(anonymous_1)
DA:6,2
DA:7,4
DA:8,0
DA:11,4
DA:12,4
DA:13,4
DA:16,4
DA:18,0
DA:23,0
DA:27,2
LF:10
LH:7
BRDA:7,0,0,0
BRDA:7,0,1,4
BRDA:11,1,0,4
BRDA:11,1,1,0
BRF:4
BRH:2
end_of_record
TN:
SF:src\dto\user-general.dto.ts
FN:10,(anonymous_0)
FN:16,(anonymous_1)
FNF:2
FNH:2
FNDA:2,(anonymous_0)
FNDA:4,(anonymous_1)
DA:1,2
DA:10,2
DA:11,2
DA:12,0
DA:15,2
DA:16,2
DA:17,4
DA:25,2
DA:27,0
DA:34,0
DA:38,2
LF:11
LH:8
BRDA:11,0,0,0
BRDA:11,0,1,2
BRDA:15,1,0,2
BRDA:15,1,1,0
BRF:4
BRH:2
end_of_record
TN:
SF:src\dto\user-list.dto.ts
FN:7,(anonymous_0)
FN:8,(anonymous_1)
FNF:2
FNH:0
FNDA:0,(anonymous_0)
FNDA:0,(anonymous_1)
DA:7,0
DA:8,0
DA:9,0
DA:12,0
LF:4
LH:0
BRF:0
BRH:0
end_of_record
TN:
SF:src\dto\user-role.dto.ts
FN:5,(anonymous_0)
FN:11,(anonymous_1)
FNF:2
FNH:0
FNDA:0,(anonymous_0)
FNDA:0,(anonymous_1)
DA:5,2
DA:6,0
DA:7,0
DA:10,0
DA:11,0
DA:12,0
DA:17,0
DA:19,0
DA:23,0
DA:27,2
LF:10
LH:2
BRDA:6,0,0,0
BRDA:6,0,1,0
BRDA:10,1,0,0
BRDA:10,1,1,0
BRF:4
BRH:0
end_of_record
TN:
SF:src\guards\authentication.guard.ts
FN:5,(anonymous_0)
FN:13,(anonymous_1)
FN:17,(anonymous_2)
FNF:3
FNH:3
FNDA:3,(anonymous_0)
FNDA:1,(anonymous_1)
FNDA:1,(anonymous_2)
DA:2,2
DA:4,2
DA:6,3
DA:8,3
DA:9,2
DA:11,2
DA:12,2
DA:14,1
DA:15,1
DA:18,1
DA:19,0
DA:21,1
DA:26,0
DA:29,1
LF:14
LH:12
BRDA:8,0,0,2
BRDA:8,0,1,1
BRDA:11,1,0,2
BRDA:11,1,1,0
BRDA:18,2,0,0
BRDA:18,2,1,1
BRF:6
BRH:4
end_of_record
TN:
SF:src\guards\authorization.guard.ts
FN:6,(anonymous_0)
FN:8,(anonymous_1)
FN:12,(anonymous_2)
FNF:3
FNH:3
FNDA:4,(anonymous_0)
FNDA:1,(anonymous_1)
FNDA:1,(anonymous_2)
DA:2,2
DA:4,2
DA:8,4
DA:9,1
DA:10,1
DA:12,1
DA:13,1
DA:14,1
DA:18,1
DA:19,1
DA:21,0
LF:11
LH:10
BRDA:13,0,0,1
BRDA:13,0,1,0
BRDA:18,1,0,1
BRDA:18,1,1,0
BRF:4
BRH:2
end_of_record
TN:
SF:src\guards\index.ts
FN:1,(anonymous_1)
FN:2,(anonymous_2)
FNF:2
FNH:2
FNDA:4,(anonymous_1)
FNDA:4,(anonymous_2)
DA:1,6
DA:2,6
LF:2
LH:2
BRF:0
BRH:0
end_of_record
TN:
SF:src\models\index.ts
FN:1,(anonymous_1)
FN:2,(anonymous_2)
FNF:2
FNH:2
FNDA:1,(anonymous_1)
FNDA:9,(anonymous_2)
DA:1,4
DA:2,12
LF:2
LH:2
BRF:0
BRH:0
end_of_record
TN:
SF:src\models\role.model.ts
FNF:0
FNH:0
DA:1,3
DA:4,3
DA:19,3
LF:3
LH:3
BRF:0
BRH:0
end_of_record
TN:
SF:src\models\user.model.ts
FNF:0
FNH:0
DA:1,3
DA:4,3
DA:35,3
LF:3
LH:3
BRF:0
BRH:0
end_of_record
TN:
SF:src\repositories\generic.repository.ts
FN:6,(anonymous_0)
FN:10,(anonymous_1)
FN:15,(anonymous_2)
FN:20,(anonymous_3)
FN:25,(anonymous_4)
FN:32,(anonymous_5)
FNF:6
FNH:1
FNDA:5,(anonymous_0)
FNDA:0,(anonymous_1)
FNDA:0,(anonymous_2)
FNDA:0,(anonymous_3)
FNDA:0,(anonymous_4)
FNDA:0,(anonymous_5)
DA:3,3
DA:7,5
DA:11,0
DA:12,0
DA:16,0
DA:17,0
DA:21,0
DA:22,0
DA:26,0
DA:29,0
DA:33,0
DA:38,0
LF:12
LH:2
BRDA:10,0,0,0
BRF:1
BRH:0
end_of_record
TN:
SF:src\repositories\index.ts
FN:1,(anonymous_1)
FN:2,(anonymous_2)
FN:3,(anonymous_3)
FNF:3
FNH:3
FNDA:6,(anonymous_1)
FNDA:8,(anonymous_2)
FNDA:3,(anonymous_3)
DA:1,9
DA:2,11
DA:3,6
LF:3
LH:3
BRF:0
BRH:0
end_of_record
TN:
SF:src\repositories\role.repository.ts
FN:10,(anonymous_0)
FNF:1
FNH:1
FNDA:1,(anonymous_0)
DA:2,3
DA:3,3
DA:6,3
DA:11,1
LF:4
LH:4
BRF:0
BRH:0
end_of_record
TN:
SF:src\repositories\user.repository.ts
FN:10,(anonymous_0)
FN:14,(anonymous_1)
FN:19,(anonymous_2)
FNF:3
FNH:3
FNDA:4,(anonymous_0)
FNDA:2,(anonymous_1)
FNDA:1,(anonymous_2)
DA:2,3
DA:3,3
DA:6,3
DA:11,4
DA:15,2
DA:16,2
DA:20,1
DA:21,1
LF:8
LH:8
BRF:0
BRH:0
end_of_record
TN:
SF:src\utils\attach-routes.util.ts
FN:5,(anonymous_0)
FN:8,(anonymous_1)
FN:16,(anonymous_2)
FN:17,(anonymous_3)
FN:33,(anonymous_4)
FN:40,(anonymous_5)
FNF:6
FNH:6
FNDA:3,(anonymous_0)
FNDA:3,(anonymous_1)
FNDA:1,(anonymous_2)
FNDA:3,(anonymous_3)
FNDA:11,(anonymous_4)
FNDA:1,(anonymous_5)
DA:2,2
DA:5,2
DA:6,3
DA:8,3
DA:9,3
DA:12,3
DA:16,2
DA:17,1
DA:18,3
DA:24,3
DA:25,3
DA:26,3
DA:28,3
DA:33,3
DA:34,11
DA:35,11
DA:41,1
DA:49,2
LF:18
LH:18
BRF:0
BRH:0
end_of_record
TN:
SF:src\utils\errors.util.ts
FN:6,(anonymous_0)
FN:9,(anonymous_1)
FN:10,(anonymous_2)
FNF:3
FNH:2
FNDA:11,(anonymous_0)
FNDA:1,(anonymous_1)
FNDA:0,(anonymous_2)
DA:2,2
DA:5,2
DA:9,11
DA:10,1
DA:11,0
DA:12,0
DA:14,0
DA:15,0
DA:16,0
LF:9
LH:4
BRDA:11,0,0,0
BRDA:11,0,1,0
BRF:2
BRH:0
end_of_record
TN:
SF:src\utils\index.ts
FN:1,(anonymous_1)
FN:2,(anonymous_2)
FN:3,(anonymous_3)
FN:4,(anonymous_4)
FN:5,(anonymous_5)
FNF:5
FNH:5
FNDA:12,(anonymous_1)
FNDA:4,(anonymous_2)
FNDA:2,(anonymous_3)
FNDA:1,(anonymous_4)
FNDA:11,(anonymous_5)
DA:1,14
DA:2,6
DA:3,4
DA:4,3
DA:5,13
LF:5
LH:5
BRF:0
BRH:0
end_of_record
TN:
SF:src\utils\message.util.ts
FN:2,(anonymous_0)
FNF:1
FNH:1
FNDA:12,(anonymous_0)
DA:1,2
DA:3,12
DA:4,0
DA:5,0
DA:8,0
DA:9,0
DA:11,0
LF:7
LH:2
BRDA:3,0,0,0
BRDA:3,0,1,12
BRDA:4,1,0,0
BRDA:4,1,1,0
BRDA:8,2,0,0
BRDA:8,2,1,0
BRF:6
BRH:1
end_of_record
TN:
SF:src\utils\responses.util.ts
FN:5,(anonymous_0)
FN:12,(anonymous_1)
FN:19,(anonymous_2)
FN:29,(anonymous_3)
FN:36,(anonymous_4)
FN:43,(anonymous_5)
FN:56,(anonymous_6)
FNF:7
FNH:3
FNDA:2,(anonymous_0)
FNDA:0,(anonymous_1)
FNDA:1,(anonymous_2)
FNDA:1,(anonymous_3)
FNDA:0,(anonymous_4)
FNDA:0,(anonymous_5)
FNDA:0,(anonymous_6)
DA:4,2
DA:6,2
DA:13,0
DA:23,1
DA:30,1
DA:37,0
DA:44,0
DA:49,0
DA:50,0
DA:53,0
DA:57,0
DA:58,0
DA:59,0
DA:61,0
LF:14
LH:4
BRDA:12,0,0,0
BRDA:21,1,0,1
BRDA:29,2,0,1
BRDA:49,3,0,0
BRDA:49,3,1,0
BRDA:58,4,0,0
BRDA:58,4,1,0
BRF:7
BRH:2
end_of_record
TN:
SF:src\utils\token.util.ts
FN:8,(anonymous_7)
FN:13,(anonymous_8)
FN:26,(anonymous_9)
FN:27,(anonymous_10)
FNF:4
FNH:2
FNDA:0,(anonymous_7)
FNDA:0,(anonymous_8)
FNDA:2,(anonymous_9)
FNDA:2,(anonymous_10)
DA:1,2
DA:3,2
DA:4,2
DA:5,2
DA:7,2
DA:9,0
DA:10,0
DA:14,0
DA:21,0
DA:23,0
DA:27,2
DA:28,2
DA:29,2
DA:30,1
DA:32,1
DA:33,0
DA:38,1
DA:46,2
DA:48,1
LF:19
LH:13
BRDA:32,0,0,0
BRDA:32,0,1,1
BRF:2
BRH:1
end_of_record
TN:
SF:src\validators\index.ts
FN:1,(anonymous_1)
FN:2,(anonymous_2)
FNF:2
FNH:2
FNDA:2,(anonymous_1)
FNDA:2,(anonymous_2)
DA:1,4
DA:2,4
LF:2
LH:2
BRF:0
BRH:0
end_of_record
TN:
SF:src\validators\schema.validator.ts
FN:4,(anonymous_0)
FN:5,(anonymous_1)
FN:15,(anonymous_2)
FN:23,(anonymous_3)
FN:25,(anonymous_4)
FN:36,(anonymous_5)
FNF:6
FNH:1
FNDA:2,(anonymous_0)
FNDA:0,(anonymous_1)
FNDA:0,(anonymous_2)
FNDA:0,(anonymous_3)
FNDA:0,(anonymous_4)
FNDA:0,(anonymous_5)
DA:2,2
DA:3,2
DA:5,2
DA:10,0
DA:12,0
DA:14,0
DA:16,0
DA:17,0
DA:22,0
DA:24,0
DA:25,0
DA:26,0
DA:27,0
DA:28,0
DA:32,0
DA:33,0
DA:37,0
LF:17
LH:3
BRDA:16,0,0,0
BRDA:16,0,1,0
BRDA:26,1,0,0
BRDA:26,1,1,0
BRDA:26,2,0,0
BRDA:26,2,1,0
BRDA:32,3,0,0
BRDA:32,3,1,0
BRF:8
BRH:0
end_of_record
TN:
SF:src\validators\user.validator.ts
FNF:0
FNH:0
DA:1,2
DA:4,2
DA:15,2
LF:3
LH:3
BRF:0
BRH:0
end_of_record
